This file contains any messages produced by compilers while
running configure, to aid debugging if configure makes a mistake.

It was created by Darshan Utility configure 3.4.2, which was
generated by GNU Autoconf 2.69.  Invocation command line was

  $ ./configure --no-create --no-recursion

## --------- ##
## Platform. ##
## --------- ##

hostname = master
uname -m = x86_64
uname -r = 3.10.0-1160.el7.x86_64
uname -s = Linux
uname -v = #1 SMP Mon Oct 19 16:18:59 UTC 2020

/usr/bin/uname -p = x86_64
/bin/uname -X     = unknown

/bin/arch              = x86_64
/usr/bin/arch -k       = unknown
/usr/convex/getsysinfo = unknown
/usr/bin/hostinfo      = unknown
/bin/machine           = unknown
/usr/bin/oslevel       = unknown
/bin/universe          = unknown

PATH: /usr/lib64/openmpi/bin
PATH: /usr/local/sbin
PATH: /usr/local/bin
PATH: /usr/sbin
PATH: /usr/bin
PATH: /root/bin
PATH: /mnt/dirlab/pegasus/dist/pegasus-5.1.0dev/bin


## ----------- ##
## Core tests. ##
## ----------- ##

configure:2390: checking for a BSD-compatible install
configure:2458: result: /usr/bin/install -c
configure:2469: checking whether build environment is sane
configure:2524: result: yes
configure:2675: checking for a thread-safe mkdir -p
configure:2714: result: /usr/bin/mkdir -p
configure:2721: checking for gawk
configure:2737: found /usr/bin/gawk
configure:2748: result: gawk
configure:2759: checking whether make sets $(MAKE)
configure:2781: result: yes
configure:2810: checking whether make supports nested variables
configure:2827: result: yes
configure:2906: checking how to create a pax tar archive
configure:2917: tar --version
tar (GNU tar) 1.26
Copyright (C) 2011 Free Software Foundation, Inc.
License GPLv3+: GNU GPL version 3 or later <http://gnu.org/licenses/gpl.html>.
This is free software: you are free to change and redistribute it.
There is NO WARRANTY, to the extent permitted by law.

Written by John Gilmore and Jay Fenlason.
configure:2920: $? = 0
configure:2960: tardir=conftest.dir && eval tar --format=posix -chf - "$tardir" >conftest.tar
configure:2963: $? = 0
configure:2967: tar -xf - <conftest.tar
configure:2970: $? = 0
configure:2972: cat conftest.dir/file
GrepMe
configure:2975: $? = 0
configure:2988: result: gnutar
configure:3007: checking whether make supports nested variables
configure:3024: result: yes
configure:3036: checking whether to enable maintainer-specific portions of Makefiles
configure:3045: result: yes
configure:3098: checking build system type
configure:3112: result: x86_64-unknown-linux-gnu
configure:3132: checking host system type
configure:3145: result: x86_64-unknown-linux-gnu
configure:3186: checking how to print strings
configure:3213: result: printf
configure:3246: checking for style of include used by make
configure:3274: result: GNU
configure:3345: checking for gcc
configure:3361: found /usr/bin/gcc
configure:3372: result: gcc
configure:3601: checking for C compiler version
configure:3610: gcc --version >&5
gcc (GCC) 4.8.5 20150623 (Red Hat 4.8.5-44)
Copyright (C) 2015 Free Software Foundation, Inc.
This is free software; see the source for copying conditions.  There is NO
warranty; not even for MERCHANTABILITY or FITNESS FOR A PARTICULAR PURPOSE.

configure:3621: $? = 0
configure:3610: gcc -v >&5
Using built-in specs.
COLLECT_GCC=gcc
COLLECT_LTO_WRAPPER=/usr/libexec/gcc/x86_64-redhat-linux/4.8.5/lto-wrapper
Target: x86_64-redhat-linux
Configured with: ../configure --prefix=/usr --mandir=/usr/share/man --infodir=/usr/share/info --with-bugurl=http://bugzilla.redhat.com/bugzilla --enable-bootstrap --enable-shared --enable-threads=posix --enable-checking=release --with-system-zlib --enable-__cxa_atexit --disable-libunwind-exceptions --enable-gnu-unique-object --enable-linker-build-id --with-linker-hash-style=gnu --enable-languages=c,c++,objc,obj-c++,java,fortran,ada,go,lto --enable-plugin --enable-initfini-array --disable-libgcj --with-isl=/builddir/build/BUILD/gcc-4.8.5-20150702/obj-x86_64-redhat-linux/isl-install --with-cloog=/builddir/build/BUILD/gcc-4.8.5-20150702/obj-x86_64-redhat-linux/cloog-install --enable-gnu-indirect-function --with-tune=generic --with-arch_32=x86-64 --build=x86_64-redhat-linux
Thread model: posix
gcc version 4.8.5 20150623 (Red Hat 4.8.5-44) (GCC) 
configure:3621: $? = 0
configure:3610: gcc -V >&5
gcc: error: unrecognized command line option '-V'
gcc: fatal error: no input files
compilation terminated.
configure:3621: $? = 4
configure:3610: gcc -qversion >&5
gcc: error: unrecognized command line option '-qversion'
gcc: fatal error: no input files
compilation terminated.
configure:3621: $? = 4
configure:3641: checking whether the C compiler works
configure:3663: gcc    conftest.c  >&5
configure:3667: $? = 0
configure:3715: result: yes
configure:3718: checking for C compiler default output file name
configure:3720: result: a.out
configure:3726: checking for suffix of executables
configure:3733: gcc -o conftest    conftest.c  >&5
configure:3737: $? = 0
configure:3759: result: 
configure:3781: checking whether we are cross compiling
configure:3789: gcc -o conftest    conftest.c  >&5
configure:3793: $? = 0
configure:3800: ./conftest
configure:3804: $? = 0
configure:3819: result: no
configure:3824: checking for suffix of object files
configure:3846: gcc -c   conftest.c >&5
configure:3850: $? = 0
configure:3871: result: o
configure:3875: checking whether we are using the GNU C compiler
configure:3894: gcc -c   conftest.c >&5
configure:3894: $? = 0
configure:3903: result: yes
configure:3912: checking whether gcc accepts -g
configure:3932: gcc -c -g  conftest.c >&5
configure:3932: $? = 0
configure:3973: result: yes
configure:3990: checking for gcc option to accept ISO C89
configure:4053: gcc  -c -g -O2  conftest.c >&5
configure:4053: $? = 0
configure:4066: result: none needed
configure:4088: checking dependency style of gcc
configure:4199: result: gcc3
configure:4214: checking for a sed that does not truncate output
configure:4278: result: /usr/bin/sed
configure:4296: checking for grep that handles long lines and -e
configure:4354: result: /usr/bin/grep
configure:4359: checking for egrep
configure:4421: result: /usr/bin/grep -E
configure:4426: checking for fgrep
configure:4488: result: /usr/bin/grep -F
configure:4523: checking for ld used by gcc
configure:4590: result: /usr/bin/ld
configure:4597: checking if the linker (/usr/bin/ld) is GNU ld
configure:4612: result: yes
configure:4624: checking for BSD- or MS-compatible name lister (nm)
configure:4673: result: /usr/bin/nm -B
configure:4803: checking the name lister (/usr/bin/nm -B) interface
configure:4810: gcc -c -g -O2  conftest.c >&5
configure:4813: /usr/bin/nm -B "conftest.o"
configure:4816: output
0000000000000000 B some_variable
configure:4823: result: BSD nm
configure:4826: checking whether ln -s works
configure:4830: result: yes
configure:4838: checking the maximum length of command line arguments
configure:4968: result: 3458764513820540925
configure:4985: checking whether the shell understands some XSI constructs
configure:4995: result: yes
configure:4999: checking whether the shell understands "+="
configure:5005: result: yes
configure:5040: checking how to convert x86_64-unknown-linux-gnu file names to x86_64-unknown-linux-gnu format
configure:5080: result: func_convert_file_noop
configure:5087: checking how to convert x86_64-unknown-linux-gnu file names to toolchain format
configure:5107: result: func_convert_file_noop
configure:5114: checking for /usr/bin/ld option to reload object files
configure:5121: result: -r
configure:5195: checking for objdump
configure:5211: found /usr/bin/objdump
configure:5222: result: objdump
configure:5254: checking how to recognize dependent libraries
configure:5456: result: pass_all
configure:5541: checking for dlltool
configure:5571: result: no
configure:5601: checking how to associate runtime and link libraries
configure:5628: result: printf %s\n
configure:5689: checking for ar
configure:5705: found /usr/bin/ar
configure:5716: result: ar
configure:5753: checking for archiver @FILE support
configure:5770: gcc -c -g -O2  conftest.c >&5
configure:5770: $? = 0
configure:5773: ar cru libconftest.a @conftest.lst >&5
configure:5776: $? = 0
configure:5781: ar cru libconftest.a @conftest.lst >&5
ar: conftest.o: No such file or directory
configure:5784: $? = 1
configure:5796: result: @
configure:5854: checking for strip
configure:5870: found /usr/bin/strip
configure:5881: result: strip
configure:5953: checking for ranlib
configure:5969: found /usr/bin/ranlib
configure:5980: result: ranlib
configure:6082: checking command to parse /usr/bin/nm -B output from gcc object
configure:6202: gcc -c -g -O2  conftest.c >&5
configure:6205: $? = 0
configure:6209: /usr/bin/nm -B conftest.o \| sed -n -e 's/^.*[ ]\([ABCDGIRSTW][ABCDGIRSTW]*\)[ ][ ]*\([_A-Za-z][_A-Za-z0-9]*\)$/\1 \2 \2/p' | sed '/ __gnu_lto/d' \> conftest.nm
configure:6212: $? = 0
configure:6278: gcc -o conftest -g -O2   conftest.c conftstm.o >&5
configure:6281: $? = 0
configure:6319: result: ok
configure:6356: checking for sysroot
configure:6386: result: no
configure:6463: gcc -c -g -O2  conftest.c >&5
configure:6466: $? = 0
configure:6642: checking for mt
configure:6658: found /root/bin/mt
configure:6669: result: mt
configure:6692: checking if mt is a manifest tool
configure:6698: mt '-?'
usage: mt [-v] [--version] [-h] [ -f device ] command [ count ]
configure:6706: result: no
configure:7348: checking how to run the C preprocessor
configure:7379: gcc -E  conftest.c
configure:7379: $? = 0
configure:7393: gcc -E  conftest.c
conftest.c:11:28: fatal error: ac_nonexistent.h: No such file or directory
 #include <ac_nonexistent.h>
                            ^
compilation terminated.
configure:7393: $? = 1
configure: failed program was:
| /* confdefs.h */
| #define PACKAGE_NAME "Darshan Utility"
| #define PACKAGE_TARNAME "darshan-util"
| #define PACKAGE_VERSION "3.4.2"
| #define PACKAGE_STRING "Darshan Utility 3.4.2"
| #define PACKAGE_BUGREPORT "darshan-users@lists.mcs.anl.gov"
| #define PACKAGE_URL "https://www.mcs.anl.gov/research/projects/darshan"
| #define PACKAGE "darshan-util"
| #define VERSION "3.4.2"
| /* end confdefs.h.  */
| #include <ac_nonexistent.h>
configure:7418: result: gcc -E
configure:7438: gcc -E  conftest.c
configure:7438: $? = 0
configure:7452: gcc -E  conftest.c
conftest.c:11:28: fatal error: ac_nonexistent.h: No such file or directory
 #include <ac_nonexistent.h>
                            ^
compilation terminated.
configure:7452: $? = 1
configure: failed program was:
| /* confdefs.h */
| #define PACKAGE_NAME "Darshan Utility"
| #define PACKAGE_TARNAME "darshan-util"
| #define PACKAGE_VERSION "3.4.2"
| #define PACKAGE_STRING "Darshan Utility 3.4.2"
| #define PACKAGE_BUGREPORT "darshan-users@lists.mcs.anl.gov"
| #define PACKAGE_URL "https://www.mcs.anl.gov/research/projects/darshan"
| #define PACKAGE "darshan-util"
| #define VERSION "3.4.2"
| /* end confdefs.h.  */
| #include <ac_nonexistent.h>
configure:7481: checking for ANSI C header files
configure:7501: gcc -c -g -O2  conftest.c >&5
configure:7501: $? = 0
configure:7574: gcc -o conftest -g -O2   conftest.c  >&5
configure:7574: $? = 0
configure:7574: ./conftest
configure:7574: $? = 0
configure:7585: result: yes
configure:7598: checking for sys/types.h
configure:7598: gcc -c -g -O2  conftest.c >&5
configure:7598: $? = 0
configure:7598: result: yes
configure:7598: checking for sys/stat.h
configure:7598: gcc -c -g -O2  conftest.c >&5
configure:7598: $? = 0
configure:7598: result: yes
configure:7598: checking for stdlib.h
configure:7598: gcc -c -g -O2  conftest.c >&5
configure:7598: $? = 0
configure:7598: result: yes
configure:7598: checking for string.h
configure:7598: gcc -c -g -O2  conftest.c >&5
configure:7598: $? = 0
configure:7598: result: yes
configure:7598: checking for memory.h
configure:7598: gcc -c -g -O2  conftest.c >&5
configure:7598: $? = 0
configure:7598: result: yes
configure:7598: checking for strings.h
configure:7598: gcc -c -g -O2  conftest.c >&5
configure:7598: $? = 0
configure:7598: result: yes
configure:7598: checking for inttypes.h
configure:7598: gcc -c -g -O2  conftest.c >&5
configure:7598: $? = 0
configure:7598: result: yes
configure:7598: checking for stdint.h
configure:7598: gcc -c -g -O2  conftest.c >&5
configure:7598: $? = 0
configure:7598: result: yes
configure:7598: checking for unistd.h
configure:7598: gcc -c -g -O2  conftest.c >&5
configure:7598: $? = 0
configure:7598: result: yes
configure:7612: checking for dlfcn.h
configure:7612: gcc -c -g -O2  conftest.c >&5
configure:7612: $? = 0
configure:7612: result: yes
configure:7818: checking for objdir
configure:7833: result: .libs
configure:8104: checking if gcc supports -fno-rtti -fno-exceptions
configure:8122: gcc -c -g -O2  -fno-rtti -fno-exceptions conftest.c >&5
cc1: warning: command line option '-fno-rtti' is valid for C++/ObjC++ but not for C [enabled by default]
configure:8126: $? = 0
configure:8139: result: no
configure:8466: checking for gcc option to produce PIC
configure:8473: result: -fPIC -DPIC
configure:8481: checking if gcc PIC flag -fPIC -DPIC works
configure:8499: gcc -c -g -O2  -fPIC -DPIC -DPIC conftest.c >&5
configure:8503: $? = 0
configure:8516: result: yes
configure:8545: checking if gcc static flag -static works
configure:8573: result: no
configure:8588: checking if gcc supports -c -o file.o
configure:8609: gcc -c -g -O2  -o out/conftest2.o conftest.c >&5
configure:8613: $? = 0
configure:8635: result: yes
configure:8643: checking if gcc supports -c -o file.o
configure:8690: result: yes
configure:8723: checking whether the gcc linker (/usr/bin/ld -m elf_x86_64) supports shared libraries
configure:9876: result: yes
configure:9913: checking whether -lc should be explicitly linked in
configure:9921: gcc -c -g -O2  conftest.c >&5
configure:9924: $? = 0
configure:9939: gcc -shared  -fPIC -DPIC conftest.o  -v -Wl,-soname -Wl,conftest -o conftest 2\>\&1 \| /usr/bin/grep  -lc  \>/dev/null 2\>\&1
configure:9942: $? = 0
configure:9956: result: no
configure:10116: checking dynamic linker characteristics
configure:10627: gcc -o conftest -g -O2   -Wl,-rpath -Wl,/foo conftest.c  >&5
configure:10627: $? = 0
configure:10853: result: GNU/Linux ld.so
configure:10960: checking how to hardcode library paths into programs
configure:10985: result: immediate
configure:11525: checking whether stripping libraries is possible
configure:11530: result: yes
configure:11565: checking if libtool supports shared libraries
configure:11567: result: yes
configure:11570: checking whether to build shared libraries
configure:11591: result: yes
configure:11594: checking whether to build static libraries
configure:11598: result: yes
configure:11662: checking zlib.h usability
configure:11662: gcc -c -g -O2  conftest.c >&5
configure:11662: $? = 0
configure:11662: result: yes
configure:11662: checking zlib.h presence
configure:11662: gcc -E  conftest.c
configure:11662: $? = 0
configure:11662: result: yes
configure:11662: checking for zlib.h
configure:11662: result: yes
configure:11670: checking for inflateEnd in -lz
configure:11695: gcc -o conftest -g -O2   conftest.c -lz   >&5
configure:11695: $? = 0
configure:11704: result: yes
configure:11724: checking if bzlib is wanted
configure:11756: result: yes
configure:11769: checking for BZ2_bzCompressInit in -lbz2
configure:11794: gcc -o conftest -g -O2  -I/usr/include  -L/usr/lib conftest.c -lbz2  -lz  >&5
configure:11794: $? = 0
configure:11803: result: yes
configure:11811: checking bzlib.h usability
configure:11811: gcc -c -g -O2  -I/usr/include conftest.c >&5
configure:11811: $? = 0
configure:11811: result: yes
configure:11811: checking bzlib.h presence
configure:11811: gcc -E  -I/usr/include conftest.c
configure:11811: $? = 0
configure:11811: result: yes
configure:11811: checking for bzlib.h
configure:11811: result: yes
configure:11830: checking for BZ2_bzCompressInit in -lbz2
configure:11864: result: yes
configure:11875: checking bzlib in /usr
configure:11877: result: ok
configure:11906: checking for inttypes.h
configure:11906: result: yes
configure:11917: checking whether the inttypes.h PRIxNN macros are broken
configure:11937: gcc -c -g -O2  -I/usr/include conftest.c >&5
configure:11937: $? = 0
configure:11945: result: no
configure:11965: checking for inttypes.h
configure:11965: result: yes
configure:11981: checking for pdflatex
configure:12009: result: no
configure:12032: WARNING: Please install pdflatex if you wish to use the darshan-job-summary.pl utility
configure:12036: checking whether byte ordering is bigendian
configure:12051: gcc -c -g -O2  -I/usr/include conftest.c >&5
conftest.c:28:9: error: unknown type name 'not'
         not a universal capable compiler
         ^
conftest.c:28:15: error: expected '=', ',', ';', 'asm' or '__attribute__' before 'universal'
         not a universal capable compiler
               ^
conftest.c:28:15: error: unknown type name 'universal'
configure:12051: $? = 1
configure: failed program was:
| /* confdefs.h */
| #define PACKAGE_NAME "Darshan Utility"
| #define PACKAGE_TARNAME "darshan-util"
| #define PACKAGE_VERSION "3.4.2"
| #define PACKAGE_STRING "Darshan Utility 3.4.2"
| #define PACKAGE_BUGREPORT "darshan-users@lists.mcs.anl.gov"
| #define PACKAGE_URL "https://www.mcs.anl.gov/research/projects/darshan"
| #define PACKAGE "darshan-util"
| #define VERSION "3.4.2"
| #define STDC_HEADERS 1
| #define HAVE_SYS_TYPES_H 1
| #define HAVE_SYS_STAT_H 1
| #define HAVE_STDLIB_H 1
| #define HAVE_STRING_H 1
| #define HAVE_MEMORY_H 1
| #define HAVE_STRINGS_H 1
| #define HAVE_INTTYPES_H 1
| #define HAVE_STDINT_H 1
| #define HAVE_UNISTD_H 1
| #define HAVE_DLFCN_H 1
| #define LT_OBJDIR ".libs/"
| #define HAVE_LIBZ 1
| #define HAVE_LIBBZ2 1
| #define HAVE_INTTYPES_H 1
| #define HAVE_INTTYPES_H 1
| /* end confdefs.h.  */
| #ifndef __APPLE_CC__
| 	       not a universal capable compiler
| 	     #endif
| 	     typedef int dummy;
| 
configure:12096: gcc -c -g -O2  -I/usr/include conftest.c >&5
configure:12096: $? = 0
configure:12114: gcc -c -g -O2  -I/usr/include conftest.c >&5
conftest.c: In function 'main':
conftest.c:34:4: error: unknown type name 'not'
    not big endian
    ^
conftest.c:34:12: error: expected '=', ',', ';', 'asm' or '__attribute__' before 'endian'
    not big endian
            ^
configure:12114: $? = 1
configure: failed program was:
| /* confdefs.h */
| #define PACKAGE_NAME "Darshan Utility"
| #define PACKAGE_TARNAME "darshan-util"
| #define PACKAGE_VERSION "3.4.2"
| #define PACKAGE_STRING "Darshan Utility 3.4.2"
| #define PACKAGE_BUGREPORT "darshan-users@lists.mcs.anl.gov"
| #define PACKAGE_URL "https://www.mcs.anl.gov/research/projects/darshan"
| #define PACKAGE "darshan-util"
| #define VERSION "3.4.2"
| #define STDC_HEADERS 1
| #define HAVE_SYS_TYPES_H 1
| #define HAVE_SYS_STAT_H 1
| #define HAVE_STDLIB_H 1
| #define HAVE_STRING_H 1
| #define HAVE_MEMORY_H 1
| #define HAVE_STRINGS_H 1
| #define HAVE_INTTYPES_H 1
| #define HAVE_STDINT_H 1
| #define HAVE_UNISTD_H 1
| #define HAVE_DLFCN_H 1
| #define LT_OBJDIR ".libs/"
| #define HAVE_LIBZ 1
| #define HAVE_LIBBZ2 1
| #define HAVE_INTTYPES_H 1
| #define HAVE_INTTYPES_H 1
| /* end confdefs.h.  */
| #include <sys/types.h>
| 		#include <sys/param.h>
| 
| int
| main ()
| {
| #if BYTE_ORDER != BIG_ENDIAN
| 		 not big endian
| 		#endif
| 
|   ;
|   return 0;
| }
configure:12242: result: no
configure:12263: checking for off64_t
configure:12263: gcc -c -g -O2 -D_FILE_OFFSET_BITS=64 -D_LARGEFILE64_SOURCE  -I/usr/include conftest.c >&5
configure:12263: $? = 0
configure:12263: gcc -c -g -O2 -D_FILE_OFFSET_BITS=64 -D_LARGEFILE64_SOURCE  -I/usr/include conftest.c >&5
conftest.c: In function 'main':
conftest.c:63:22: error: expected expression before ')' token
 if (sizeof ((off64_t)))
                      ^
configure:12263: $? = 1
configure: failed program was:
| /* confdefs.h */
| #define PACKAGE_NAME "Darshan Utility"
| #define PACKAGE_TARNAME "darshan-util"
| #define PACKAGE_VERSION "3.4.2"
| #define PACKAGE_STRING "Darshan Utility 3.4.2"
| #define PACKAGE_BUGREPORT "darshan-users@lists.mcs.anl.gov"
| #define PACKAGE_URL "https://www.mcs.anl.gov/research/projects/darshan"
| #define PACKAGE "darshan-util"
| #define VERSION "3.4.2"
| #define STDC_HEADERS 1
| #define HAVE_SYS_TYPES_H 1
| #define HAVE_SYS_STAT_H 1
| #define HAVE_STDLIB_H 1
| #define HAVE_STRING_H 1
| #define HAVE_MEMORY_H 1
| #define HAVE_STRINGS_H 1
| #define HAVE_INTTYPES_H 1
| #define HAVE_STDINT_H 1
| #define HAVE_UNISTD_H 1
| #define HAVE_DLFCN_H 1
| #define LT_OBJDIR ".libs/"
| #define HAVE_LIBZ 1
| #define HAVE_LIBBZ2 1
| #define HAVE_INTTYPES_H 1
| #define HAVE_INTTYPES_H 1
| /* end confdefs.h.  */
| #include <stdio.h>
| #ifdef HAVE_SYS_TYPES_H
| # include <sys/types.h>
| #endif
| #ifdef HAVE_SYS_STAT_H
| # include <sys/stat.h>
| #endif
| #ifdef STDC_HEADERS
| # include <stdlib.h>
| # include <stddef.h>
| #else
| # ifdef HAVE_STDLIB_H
| #  include <stdlib.h>
| # endif
| #endif
| #ifdef HAVE_STRING_H
| # if !defined STDC_HEADERS && defined HAVE_MEMORY_H
| #  include <memory.h>
| # endif
| # include <string.h>
| #endif
| #ifdef HAVE_STRINGS_H
| # include <strings.h>
| #endif
| #ifdef HAVE_INTTYPES_H
| # include <inttypes.h>
| #endif
| #ifdef HAVE_STDINT_H
| # include <stdint.h>
| #endif
| #ifdef HAVE_UNISTD_H
| # include <unistd.h>
| #endif
| int
| main ()
| {
| if (sizeof ((off64_t)))
| 	    return 0;
|   ;
|   return 0;
| }
configure:12263: result: yes
configure:12282: checking for python
configure:12300: found /root/bin/python
configure:12312: result: /root/bin/python
configure:12333: checking for python version
configure:12340: result: 2.7
configure:12352: checking for python platform
configure:12359: result: linux2
configure:12385: checking for python script directory
configure:12420: result: ${prefix}/lib/python2.7/site-packages
configure:12429: checking for python extension module directory
configure:12464: result: ${exec_prefix}/lib64/python2.7/site-packages
configure:12536: checking for strndup
configure:12536: gcc -o conftest -g -O2  -I/usr/include  -L/usr/lib conftest.c -lbz2 -lz  >&5
conftest.c:50:6: warning: conflicting types for built-in function 'strndup' [enabled by default]
 char strndup ();
      ^
configure:12536: $? = 0
configure:12536: result: yes
configure:12695: checking that generated files are newer than configure
configure:12701: result: done
configure:12741: creating ./config.status

## ---------------- ##
## Cache variables. ##
## ---------------- ##

ac_cv_build=x86_64-unknown-linux-gnu
ac_cv_c_bigendian=no
ac_cv_c_compiler_gnu=yes
ac_cv_env_CC_set=
ac_cv_env_CC_value=
ac_cv_env_CFLAGS_set=
ac_cv_env_CFLAGS_value=
ac_cv_env_CPPFLAGS_set=
ac_cv_env_CPPFLAGS_value=
ac_cv_env_CPP_set=
ac_cv_env_CPP_value=
ac_cv_env_LDFLAGS_set=
ac_cv_env_LDFLAGS_value=
ac_cv_env_LIBS_set=
ac_cv_env_LIBS_value=
ac_cv_env_PYTHON_set=
ac_cv_env_PYTHON_value=
ac_cv_env_build_alias_set=
ac_cv_env_build_alias_value=
ac_cv_env_host_alias_set=
ac_cv_env_host_alias_value=
ac_cv_env_target_alias_set=
ac_cv_env_target_alias_value=
ac_cv_func_strndup=yes
ac_cv_header_bzlib_h=yes
ac_cv_header_dlfcn_h=yes
ac_cv_header_inttypes_h=yes
ac_cv_header_memory_h=yes
ac_cv_header_stdc=yes
ac_cv_header_stdint_h=yes
ac_cv_header_stdlib_h=yes
ac_cv_header_string_h=yes
ac_cv_header_strings_h=yes
ac_cv_header_sys_stat_h=yes
ac_cv_header_sys_types_h=yes
ac_cv_header_unistd_h=yes
ac_cv_header_zlib_h=yes
ac_cv_host=x86_64-unknown-linux-gnu
ac_cv_lib_bz2_BZ2_bzCompressInit=yes
ac_cv_lib_z_inflateEnd=yes
ac_cv_objext=o
ac_cv_path_EGREP='/usr/bin/grep -E'
ac_cv_path_FGREP='/usr/bin/grep -F'
ac_cv_path_GREP=/usr/bin/grep
ac_cv_path_PYTHON=/root/bin/python
ac_cv_path_SED=/usr/bin/sed
ac_cv_path_install='/usr/bin/install -c'
ac_cv_path_mkdir=/usr/bin/mkdir
ac_cv_prog_AWK=gawk
ac_cv_prog_CPP='gcc -E'
ac_cv_prog_HAVE_PDFLATEX=no
ac_cv_prog_ac_ct_AR=ar
ac_cv_prog_ac_ct_CC=gcc
ac_cv_prog_ac_ct_MANIFEST_TOOL=mt
ac_cv_prog_ac_ct_OBJDUMP=objdump
ac_cv_prog_ac_ct_RANLIB=ranlib
ac_cv_prog_ac_ct_STRIP=strip
ac_cv_prog_cc_c89=
ac_cv_prog_cc_g=yes
ac_cv_prog_make_make_set=yes
ac_cv_type_off64_t=yes
am_cv_CC_dependencies_compiler_type=gcc3
am_cv_make_support_nested_variables=yes
am_cv_prog_tar_pax=gnutar
am_cv_python_platform=linux2
am_cv_python_pyexecdir='${exec_prefix}/lib64/python2.7/site-packages'
am_cv_python_pythondir='${prefix}/lib/python2.7/site-packages'
am_cv_python_version=2.7
bzlib_cv_bzlib_h=yes
bzlib_cv_libbz2=yes
gt_cv_inttypes_pri_broken=no
lt_cv_ar_at_file=@
lt_cv_archive_cmds_need_lc=no
lt_cv_deplibs_check_method=pass_all
lt_cv_file_magic_cmd='$MAGIC_CMD'
lt_cv_file_magic_test_file=
lt_cv_ld_reload_flag=-r
lt_cv_nm_interface='BSD nm'
lt_cv_objdir=.libs
lt_cv_path_LD=/usr/bin/ld
lt_cv_path_NM='/usr/bin/nm -B'
lt_cv_path_mainfest_tool=no
lt_cv_prog_compiler_c_o=yes
lt_cv_prog_compiler_pic='-fPIC -DPIC'
lt_cv_prog_compiler_pic_works=yes
lt_cv_prog_compiler_rtti_exceptions=no
lt_cv_prog_compiler_static_works=no
lt_cv_prog_gnu_ld=yes
lt_cv_sharedlib_from_linklib_cmd='printf %s\n'
lt_cv_shlibpath_overrides_runpath=no
lt_cv_sys_global_symbol_pipe='sed -n -e '\''s/^.*[	 ]\([ABCDGIRSTW][ABCDGIRSTW]*\)[	 ][	 ]*\([_A-Za-z][_A-Za-z0-9]*\)$/\1 \2 \2/p'\'' | sed '\''/ __gnu_lto/d'\'''
lt_cv_sys_global_symbol_to_c_name_address='sed -n -e '\''s/^: \([^ ]*\)[ ]*$/  {\"\1\", (void *) 0},/p'\'' -e '\''s/^[ABCDGIRSTW]* \([^ ]*\) \([^ ]*\)$/  {"\2", (void *) \&\2},/p'\'''
lt_cv_sys_global_symbol_to_c_name_address_lib_prefix='sed -n -e '\''s/^: \([^ ]*\)[ ]*$/  {\"\1\", (void *) 0},/p'\'' -e '\''s/^[ABCDGIRSTW]* \([^ ]*\) \(lib[^ ]*\)$/  {"\2", (void *) \&\2},/p'\'' -e '\''s/^[ABCDGIRSTW]* \([^ ]*\) \([^ ]*\)$/  {"lib\2", (void *) \&\2},/p'\'''
lt_cv_sys_global_symbol_to_cdecl='sed -n -e '\''s/^T .* \(.*\)$/extern int \1();/p'\'' -e '\''s/^[ABCDGIRSTW]* .* \(.*\)$/extern char \1;/p'\'''
lt_cv_sys_max_cmd_len=3458764513820540925
lt_cv_to_host_file_cmd=func_convert_file_noop
lt_cv_to_tool_file_cmd=func_convert_file_noop

## ----------------- ##
## Output variables. ##
## ----------------- ##

ACLOCAL='${SHELL} /root/darshan_modified/maint/scripts/missing aclocal-1.13'
AMDEPBACKSLASH='\'
AMDEP_FALSE='#'
AMDEP_TRUE=''
AMTAR='$${TAR-tar}'
AM_BACKSLASH='\'
AM_DEFAULT_V='$(AM_DEFAULT_VERBOSITY)'
AM_DEFAULT_VERBOSITY='0'
AM_V='$(V)'
AR='ar'
AUTOCONF='${SHELL} /root/darshan_modified/maint/scripts/missing autoconf'
AUTOHEADER='${SHELL} /root/darshan_modified/maint/scripts/missing autoheader'
AUTOMAKE='${SHELL} /root/darshan_modified/maint/scripts/missing automake-1.13'
AWK='gawk'
CC='gcc'
CCDEPMODE='depmode=gcc3'
CFLAGS='-g -O2'
CPP='gcc -E'
CPPFLAGS=' -I/usr/include'
CYGPATH_W='echo'
DARSHAN_ENABLE_PYDARSHAN_FALSE=''
DARSHAN_ENABLE_PYDARSHAN_TRUE='#'
DARSHAN_PYDARSHAN_PATH=''
DARSHAN_USE_APMPI_FALSE=''
DARSHAN_USE_APMPI_TRUE='#'
DARSHAN_USE_APXC_FALSE=''
DARSHAN_USE_APXC_TRUE='#'
DARSHAN_UTIL_VERSION='3.4.2'
DEFS='-DHAVE_CONFIG_H'
DEPDIR='.deps'
DLLTOOL='false'
DSYMUTIL=''
DUMPBIN=''
ECHO_C=''
ECHO_N='-n'
ECHO_T=''
EGREP='/usr/bin/grep -E'
EXEEXT=''
FGREP='/usr/bin/grep -F'
GREP='/usr/bin/grep'
HAVE_PDFLATEX='no'
INSTALL_DATA='${INSTALL} -m 644'
INSTALL_PROGRAM='${INSTALL}'
INSTALL_SCRIPT='${INSTALL}'
INSTALL_STRIP_PROGRAM='$(install_sh) -c -s'
LD='/usr/bin/ld -m elf_x86_64'
LDFLAGS=' -L/usr/lib'
LIBBZ2='-lbz2'
LIBOBJS=''
LIBS='-lbz2 -lz '
LIBTOOL='$(SHELL) $(top_builddir)/libtool'
LIPO=''
LN_S='ln -s'
LTLIBOBJS=''
MAINT=''
MAINTAINER_MODE_FALSE='#'
MAINTAINER_MODE_TRUE=''
MAKEINFO='${SHELL} /root/darshan_modified/maint/scripts/missing makeinfo'
MANIFEST_TOOL=':'
MKDIR_P='/usr/bin/mkdir -p'
NM='/usr/bin/nm -B'
NMEDIT=''
OBJDUMP='objdump'
OBJEXT='o'
OTOOL64=''
OTOOL=''
PACKAGE='darshan-util'
PACKAGE_BUGREPORT='darshan-users@lists.mcs.anl.gov'
PACKAGE_NAME='Darshan Utility'
PACKAGE_STRING='Darshan Utility 3.4.2'
PACKAGE_TARNAME='darshan-util'
PACKAGE_URL='https://www.mcs.anl.gov/research/projects/darshan'
PACKAGE_VERSION='3.4.2'
PATH_SEPARATOR=':'
PRI_MACROS_BROKEN='0'
PYTHON='/root/bin/python'
PYTHON_EXEC_PREFIX='${exec_prefix}'
PYTHON_PLATFORM='linux2'
PYTHON_PREFIX='${prefix}'
PYTHON_VERSION='2.7'
RANLIB='ranlib'
SED='/usr/bin/sed'
SET_MAKE=''
SHELL='/bin/sh'
STRIP='strip'
VERSION='3.4.2'
__DARSHAN_PDFLATEX_HALT_ON_ERROR=''
__DARSHAN_ZLIB_INCLUDE_FLAGS=''
__DARSHAN_ZLIB_LINK_FLAGS=''
ac_ct_AR='ar'
ac_ct_CC='gcc'
ac_ct_DUMPBIN=''
am__EXEEXT_FALSE=''
am__EXEEXT_TRUE='#'
am__fastdepCC_FALSE='#'
am__fastdepCC_TRUE=''
am__include='include'
am__isrc=''
am__leading_dot='.'
am__nodep='_no'
am__quote=''
am__tar='tar --format=posix -chf - "$$tardir"'
am__untar='tar -xf -'
bindir='${exec_prefix}/bin'
build='x86_64-unknown-linux-gnu'
build_alias=''
build_cpu='x86_64'
build_os='linux-gnu'
build_vendor='unknown'
datadir='${datarootdir}'
datarootdir='${prefix}/share'
docdir='${datarootdir}/doc/${PACKAGE_TARNAME}'
dvidir='${docdir}'
exec_prefix='${prefix}'
host='x86_64-unknown-linux-gnu'
host_alias=''
host_cpu='x86_64'
host_os='linux-gnu'
host_vendor='unknown'
htmldir='${docdir}'
includedir='${prefix}/include'
infodir='${datarootdir}/info'
install_sh='${SHELL} /root/darshan_modified/maint/scripts/install-sh'
libdir='${exec_prefix}/lib'
libexecdir='${exec_prefix}/libexec'
localedir='${datarootdir}/locale'
localstatedir='${prefix}/var'
mandir='${datarootdir}/man'
mkdir_p='$(MKDIR_P)'
oldincludedir='/usr/include'
pdfdir='${docdir}'
pkgpyexecdir='${pyexecdir}/darshan-util'
pkgpythondir='${pythondir}/darshan-util'
prefix='/usr/local'
program_transform_name='s,x,x,'
psdir='${docdir}'
pyexecdir='${exec_prefix}/lib64/python2.7/site-packages'
pythondir='${prefix}/lib/python2.7/site-packages'
sbindir='${exec_prefix}/sbin'
sharedstatedir='${prefix}/com'
sysconfdir='${prefix}/etc'
target_alias=''

## ----------- ##
## confdefs.h. ##
## ----------- ##

/* confdefs.h */
#define PACKAGE_NAME "Darshan Utility"
#define PACKAGE_TARNAME "darshan-util"
#define PACKAGE_VERSION "3.4.2"
#define PACKAGE_STRING "Darshan Utility 3.4.2"
#define PACKAGE_BUGREPORT "darshan-users@lists.mcs.anl.gov"
#define PACKAGE_URL "https://www.mcs.anl.gov/research/projects/darshan"
#define PACKAGE "darshan-util"
#define VERSION "3.4.2"
#define STDC_HEADERS 1
#define HAVE_SYS_TYPES_H 1
#define HAVE_SYS_STAT_H 1
#define HAVE_STDLIB_H 1
#define HAVE_STRING_H 1
#define HAVE_MEMORY_H 1
#define HAVE_STRINGS_H 1
#define HAVE_INTTYPES_H 1
#define HAVE_STDINT_H 1
#define HAVE_UNISTD_H 1
#define HAVE_DLFCN_H 1
#define LT_OBJDIR ".libs/"
#define HAVE_LIBZ 1
#define HAVE_LIBBZ2 1
#define HAVE_INTTYPES_H 1
#define HAVE_INTTYPES_H 1
#define HAVE_STRNDUP 1

configure: exit 0

## ---------------------- ##
## Running config.status. ##
## ---------------------- ##

This file was extended by Darshan Utility config.status 3.4.2, which was
generated by GNU Autoconf 2.69.  Invocation command line was

  CONFIG_FILES    = 
  CONFIG_HEADERS  = 
  CONFIG_LINKS    = 
  CONFIG_COMMANDS = 
  $ ./config.status 

on master

config.status:1117: creating Makefile
config.status:1117: creating darshan-job-summary/Makefile
config.status:1117: creating darshan-job-summary/bin/darshan-job-summary.pl
config.status:1117: creating maint/darshan-util.pc
config.status:1117: creating darshan-util-config.h
config.status:1298: darshan-util-config.h is unchanged
config.status:1346: executing depfiles commands
config.status:1346: executing libtool commands

## ---------------------- ##
## Running config.status. ##
## ---------------------- ##

This file was extended by Darshan Utility config.status 3.4.2, which was
generated by GNU Autoconf 2.69.  Invocation command line was

  CONFIG_FILES    = 
  CONFIG_HEADERS  = 
  CONFIG_LINKS    = 
  CONFIG_COMMANDS = 
  $ ./config.status darshan-util-config.h

on master

config.status:1117: creating darshan-util-config.h
config.status:1298: darshan-util-config.h is unchanged
