This file contains any messages produced by compilers while
running configure, to aid debugging if configure makes a mistake.

It was created by Darshan configure 3.4.2, which was
generated by GNU Autoconf 2.69.  Invocation command line was

  $ ./configure --with-log-path=/darshan-logs_2 cc=mpicc --with-jobid-env=NONE --no-create --no-recursion

## --------- ##
## Platform. ##
## --------- ##

hostname = lab3
uname -m = x86_64
uname -r = 3.10.0-1160.76.1.el7.x86_64
uname -s = Linux
uname -v = #1 SMP Wed Aug 10 16:21:17 UTC 2022

/usr/bin/uname -p = x86_64
/bin/uname -X     = unknown

/bin/arch              = x86_64
/usr/bin/arch -k       = unknown
/usr/convex/getsysinfo = unknown
/usr/bin/hostinfo      = unknown
/bin/machine           = unknown
/usr/bin/oslevel       = unknown
/bin/universe          = unknown

PATH: /usr/lib64/openmpi/bin
PATH: /usr/lib64/openmpi/bin
PATH: /usr/local/sbin
PATH: /usr/local/bin
PATH: /usr/sbin
PATH: /usr/bin
PATH: /root/bin
PATH: /mnt/dirlab/pegasus/dist/pegasus-5.1.0dev/bin
PATH: /root/bin


## ----------- ##
## Core tests. ##
## ----------- ##

configure:1790: checking for a BSD-compatible install
configure:1858: result: /usr/bin/install -c
configure:1869: checking whether build environment is sane
configure:1924: result: yes
configure:2075: checking for a thread-safe mkdir -p
configure:2114: result: /usr/bin/mkdir -p
configure:2121: checking for gawk
configure:2137: found /usr/bin/gawk
configure:2148: result: gawk
configure:2159: checking whether make sets $(MAKE)
configure:2181: result: yes
configure:2210: checking whether make supports nested variables
configure:2227: result: yes
configure:2306: checking how to create a pax tar archive
configure:2317: tar --version
tar (GNU tar) 1.26
Copyright (C) 2011 Free Software Foundation, Inc.
License GPLv3+: GNU GPL version 3 or later <http://gnu.org/licenses/gpl.html>.
This is free software: you are free to change and redistribute it.
There is NO WARRANTY, to the extent permitted by law.

Written by John Gilmore and Jay Fenlason.
configure:2320: $? = 0
configure:2360: tardir=conftest.dir && eval tar --format=posix -chf - "$tardir" >conftest.tar
configure:2363: $? = 0
configure:2367: tar -xf - <conftest.tar
configure:2370: $? = 0
configure:2372: cat conftest.dir/file
GrepMe
configure:2375: $? = 0
configure:2388: result: gnutar
configure:2407: checking whether make supports nested variables
configure:2424: result: yes
configure:2436: checking whether to enable maintainer-specific portions of Makefiles
configure:2445: result: yes
configure:2625: checking that generated files are newer than configure
configure:2631: result: done
configure:2651: creating ./config.status

## ---------------- ##
## Cache variables. ##
## ---------------- ##

ac_cv_env_RUNTIME_CC_set=
ac_cv_env_RUNTIME_CC_value=
ac_cv_env_UTIL_CC_set=
ac_cv_env_UTIL_CC_value=
ac_cv_env_build_alias_set=
ac_cv_env_build_alias_value=
ac_cv_env_host_alias_set=
ac_cv_env_host_alias_value=
ac_cv_env_target_alias_set=
ac_cv_env_target_alias_value=
ac_cv_path_install='/usr/bin/install -c'
ac_cv_path_mkdir=/usr/bin/mkdir
ac_cv_prog_AWK=gawk
ac_cv_prog_make_make_set=yes
am_cv_make_support_nested_variables=yes
am_cv_prog_tar_pax=gnutar

## ----------------- ##
## Output variables. ##
## ----------------- ##

ACLOCAL='${SHELL} /root/darshan-3.4.2/maint/scripts/missing aclocal-1.13'
AMTAR='$${TAR-tar}'
AM_BACKSLASH='\'
AM_DEFAULT_V='$(AM_DEFAULT_VERBOSITY)'
AM_DEFAULT_VERBOSITY='0'
AM_V='$(V)'
AUTOCONF='${SHELL} /root/darshan-3.4.2/maint/scripts/missing autoconf'
AUTOHEADER='${SHELL} /root/darshan-3.4.2/maint/scripts/missing autoheader'
AUTOMAKE='${SHELL} /root/darshan-3.4.2/maint/scripts/missing automake-1.13'
AWK='gawk'
BUILD_DARSHAN_RUNTIME_FALSE='#'
BUILD_DARSHAN_RUNTIME_TRUE=''
BUILD_DARSHAN_UTIL_FALSE='#'
BUILD_DARSHAN_UTIL_TRUE=''
CYGPATH_W='echo'
DEFS='-DHAVE_CONFIG_H'
ECHO_C=''
ECHO_N='-n'
ECHO_T=''
INSTALL_DATA='${INSTALL} -m 644'
INSTALL_PROGRAM='${INSTALL}'
INSTALL_SCRIPT='${INSTALL}'
INSTALL_STRIP_PROGRAM='$(install_sh) -c -s'
LIBOBJS=''
LIBS=''
LTLIBOBJS=''
MAINT=''
MAINTAINER_MODE_FALSE='#'
MAINTAINER_MODE_TRUE=''
MAKEINFO='${SHELL} /root/darshan-3.4.2/maint/scripts/missing makeinfo'
MKDIR_P='/usr/bin/mkdir -p'
PACKAGE='darshan'
PACKAGE_BUGREPORT='darshan-users@lists.mcs.anl.gov'
PACKAGE_NAME='Darshan'
PACKAGE_STRING='Darshan 3.4.2'
PACKAGE_TARNAME='darshan'
PACKAGE_URL='https://www.mcs.anl.gov/research/projects/darshan'
PACKAGE_VERSION='3.4.2'
PATH_SEPARATOR=':'
RUNTIME_CC=''
SET_MAKE=''
SHELL='/bin/sh'
STRIP=''
UTIL_CC=''
VERSION='3.4.2'
am__isrc=''
am__leading_dot='.'
am__tar='tar --format=posix -chf - "$$tardir"'
am__untar='tar -xf -'
bindir='${exec_prefix}/bin'
build_alias=''
datadir='${datarootdir}'
datarootdir='${prefix}/share'
docdir='${datarootdir}/doc/${PACKAGE_TARNAME}'
dvidir='${docdir}'
exec_prefix='${prefix}'
host_alias=''
htmldir='${docdir}'
includedir='${prefix}/include'
infodir='${datarootdir}/info'
install_sh='${SHELL} /root/darshan-3.4.2/maint/scripts/install-sh'
libdir='${exec_prefix}/lib'
libexecdir='${exec_prefix}/libexec'
localedir='${datarootdir}/locale'
localstatedir='${prefix}/var'
mandir='${datarootdir}/man'
mkdir_p='$(MKDIR_P)'
oldincludedir='/usr/include'
pdfdir='${docdir}'
prefix='/usr/local'
program_transform_name='s,x,x,'
psdir='${docdir}'
sbindir='${exec_prefix}/sbin'
sharedstatedir='${prefix}/com'
subdirs=' darshan-runtime darshan-util'
sysconfdir='${prefix}/etc'
target_alias=''

## ----------- ##
## confdefs.h. ##
## ----------- ##

/* confdefs.h */
#define PACKAGE_NAME "Darshan"
#define PACKAGE_TARNAME "darshan"
#define PACKAGE_VERSION "3.4.2"
#define PACKAGE_STRING "Darshan 3.4.2"
#define PACKAGE_BUGREPORT "darshan-users@lists.mcs.anl.gov"
#define PACKAGE_URL "https://www.mcs.anl.gov/research/projects/darshan"
#define PACKAGE "darshan"
#define VERSION "3.4.2"

configure: exit 0

## ---------------------- ##
## Running config.status. ##
## ---------------------- ##

This file was extended by Darshan config.status 3.4.2, which was
generated by GNU Autoconf 2.69.  Invocation command line was

  CONFIG_FILES    = 
  CONFIG_HEADERS  = 
  CONFIG_LINKS    = 
  CONFIG_COMMANDS = 
  $ ./config.status 

on lab3

config.status:820: creating Makefile
config.status:820: creating config.h
config.status:1001: config.h is unchanged

## ---------------------- ##
## Running config.status. ##
## ---------------------- ##

This file was extended by Darshan config.status 3.4.2, which was
generated by GNU Autoconf 2.69.  Invocation command line was

  CONFIG_FILES    = 
  CONFIG_HEADERS  = 
  CONFIG_LINKS    = 
  CONFIG_COMMANDS = 
  $ ./config.status 

on master

config.status:820: creating Makefile
config.status:820: creating config.h
config.status:1001: config.h is unchanged

## ---------------------- ##
## Running config.status. ##
## ---------------------- ##

This file was extended by Darshan config.status 3.4.2, which was
generated by GNU Autoconf 2.69.  Invocation command line was

  CONFIG_FILES    = 
  CONFIG_HEADERS  = 
  CONFIG_LINKS    = 
  CONFIG_COMMANDS = 
  $ ./config.status config.h

on master

config.status:820: creating config.h
config.status:1001: config.h is unchanged
