This file contains any messages produced by compilers while
running configure, to aid debugging if configure makes a mistake.

It was created by Darshan Runtime configure 3.4.2, which was
generated by GNU Autoconf 2.69.  Invocation command line was

  $ ./configure --with-log-path=/darshan-logs --with-jobid-env=PBS_JOBID CC=mpicc

## --------- ##
## Platform. ##
## --------- ##

hostname = master
uname -m = x86_64
uname -r = 3.10.0-1160.el7.x86_64
uname -s = Linux
uname -v = #1 SMP Mon Oct 19 16:18:59 UTC 2020

/usr/bin/uname -p = x86_64
/bin/uname -X     = unknown

/bin/arch              = x86_64
/usr/bin/arch -k       = unknown
/usr/convex/getsysinfo = unknown
/usr/bin/hostinfo      = unknown
/bin/machine           = unknown
/usr/bin/oslevel       = unknown
/bin/universe          = unknown

PATH: /usr/lib64/openmpi/bin
PATH: /usr/local/sbin
PATH: /usr/local/bin
PATH: /usr/sbin
PATH: /usr/bin
PATH: /root/bin
PATH: /mnt/dirlab/pegasus/dist/pegasus-5.1.0dev/bin


## ----------- ##
## Core tests. ##
## ----------- ##

configure:2477: checking for a BSD-compatible install
configure:2545: result: /usr/bin/install -c
configure:2556: checking whether build environment is sane
configure:2611: result: yes
configure:2762: checking for a thread-safe mkdir -p
configure:2801: result: /usr/bin/mkdir -p
configure:2808: checking for gawk
configure:2824: found /usr/bin/gawk
configure:2835: result: gawk
configure:2846: checking whether make sets $(MAKE)
configure:2868: result: yes
configure:2897: checking whether make supports nested variables
configure:2914: result: yes
configure:2993: checking how to create a pax tar archive
configure:3004: tar --version
tar (GNU tar) 1.26
Copyright (C) 2011 Free Software Foundation, Inc.
License GPLv3+: GNU GPL version 3 or later <http://gnu.org/licenses/gpl.html>.
This is free software: you are free to change and redistribute it.
There is NO WARRANTY, to the extent permitted by law.

Written by John Gilmore and Jay Fenlason.
configure:3007: $? = 0
configure:3047: tardir=conftest.dir && eval tar --format=posix -chf - "$tardir" >conftest.tar
configure:3050: $? = 0
configure:3054: tar -xf - <conftest.tar
configure:3057: $? = 0
configure:3059: cat conftest.dir/file
GrepMe
configure:3062: $? = 0
configure:3075: result: gnutar
configure:3094: checking whether make supports nested variables
configure:3111: result: yes
configure:3123: checking whether to enable maintainer-specific portions of Makefiles
configure:3132: result: yes
configure:3180: checking for style of include used by make
configure:3208: result: GNU
configure:3233: checking whether to compile using MPI
configure:3240: result: yes
configure:3337: checking for gcc
configure:3364: result: mpicc
configure:3593: checking for C compiler version
configure:3602: mpicc --version >&5
gcc (GCC) 4.8.5 20150623 (Red Hat 4.8.5-44)
Copyright (C) 2015 Free Software Foundation, Inc.
This is free software; see the source for copying conditions.  There is NO
warranty; not even for MERCHANTABILITY or FITNESS FOR A PARTICULAR PURPOSE.

configure:3613: $? = 0
configure:3602: mpicc -v >&5
Using built-in specs.
COLLECT_GCC=/usr/bin/gcc
COLLECT_LTO_WRAPPER=/usr/libexec/gcc/x86_64-redhat-linux/4.8.5/lto-wrapper
Target: x86_64-redhat-linux
Configured with: ../configure --prefix=/usr --mandir=/usr/share/man --infodir=/usr/share/info --with-bugurl=http://bugzilla.redhat.com/bugzilla --enable-bootstrap --enable-shared --enable-threads=posix --enable-checking=release --with-system-zlib --enable-__cxa_atexit --disable-libunwind-exceptions --enable-gnu-unique-object --enable-linker-build-id --with-linker-hash-style=gnu --enable-languages=c,c++,objc,obj-c++,java,fortran,ada,go,lto --enable-plugin --enable-initfini-array --disable-libgcj --with-isl=/builddir/build/BUILD/gcc-4.8.5-20150702/obj-x86_64-redhat-linux/isl-install --with-cloog=/builddir/build/BUILD/gcc-4.8.5-20150702/obj-x86_64-redhat-linux/cloog-install --enable-gnu-indirect-function --with-tune=generic --with-arch_32=x86-64 --build=x86_64-redhat-linux
Thread model: posix
gcc version 4.8.5 20150623 (Red Hat 4.8.5-44) (GCC) 
configure:3613: $? = 0
configure:3602: mpicc -V >&5
gcc: error: unrecognized command line option '-V'
gcc: fatal error: no input files
compilation terminated.
configure:3613: $? = 4
configure:3602: mpicc -qversion >&5
gcc: error: unrecognized command line option '-qversion'
gcc: fatal error: no input files
compilation terminated.
configure:3613: $? = 4
configure:3633: checking whether the C compiler works
configure:3655: mpicc    conftest.c  >&5
configure:3659: $? = 0
configure:3707: result: yes
configure:3710: checking for C compiler default output file name
configure:3712: result: a.out
configure:3718: checking for suffix of executables
configure:3725: mpicc -o conftest    conftest.c  >&5
configure:3729: $? = 0
configure:3751: result: 
configure:3773: checking whether we are cross compiling
configure:3781: mpicc -o conftest    conftest.c  >&5
configure:3785: $? = 0
configure:3792: ./conftest
configure:3796: $? = 0
configure:3811: result: no
configure:3816: checking for suffix of object files
configure:3838: mpicc -c   conftest.c >&5
configure:3842: $? = 0
configure:3863: result: o
configure:3867: checking whether we are using the GNU C compiler
configure:3886: mpicc -c   conftest.c >&5
configure:3886: $? = 0
configure:3895: result: yes
configure:3904: checking whether mpicc accepts -g
configure:3924: mpicc -c -g  conftest.c >&5
configure:3924: $? = 0
configure:3965: result: yes
configure:3982: checking for mpicc option to accept ISO C89
configure:4045: mpicc  -c -g -O2  conftest.c >&5
configure:4045: $? = 0
configure:4058: result: none needed
configure:4080: checking dependency style of mpicc
configure:4191: result: gcc3
configure:4233: checking for function MPI_Init
configure:4258: mpicc -o conftest -g -O2   conftest.c  >&5
configure:4258: $? = 0
configure:4265: result: yes
configure:4276: checking for mpi.h
configure:4289: mpicc -c -g -O2  conftest.c >&5
configure:4289: $? = 0
configure:4290: result: yes
configure:4367: checking build system type
configure:4381: result: x86_64-unknown-linux-gnu
configure:4401: checking host system type
configure:4414: result: x86_64-unknown-linux-gnu
configure:4455: checking how to print strings
configure:4482: result: printf
configure:4503: checking for a sed that does not truncate output
configure:4567: result: /usr/bin/sed
configure:4585: checking for grep that handles long lines and -e
configure:4643: result: /usr/bin/grep
configure:4648: checking for egrep
configure:4710: result: /usr/bin/grep -E
configure:4715: checking for fgrep
configure:4777: result: /usr/bin/grep -F
configure:4812: checking for ld used by mpicc
configure:4879: result: /usr/bin/ld
configure:4886: checking if the linker (/usr/bin/ld) is GNU ld
configure:4901: result: yes
configure:4913: checking for BSD- or MS-compatible name lister (nm)
configure:4962: result: /usr/bin/nm -B
configure:5092: checking the name lister (/usr/bin/nm -B) interface
configure:5099: mpicc -c -g -O2  conftest.c >&5
configure:5102: /usr/bin/nm -B "conftest.o"
configure:5105: output
0000000000000000 B some_variable
configure:5112: result: BSD nm
configure:5115: checking whether ln -s works
configure:5119: result: yes
configure:5127: checking the maximum length of command line arguments
configure:5257: result: 1572864
configure:5274: checking whether the shell understands some XSI constructs
configure:5284: result: yes
configure:5288: checking whether the shell understands "+="
configure:5294: result: yes
configure:5329: checking how to convert x86_64-unknown-linux-gnu file names to x86_64-unknown-linux-gnu format
configure:5369: result: func_convert_file_noop
configure:5376: checking how to convert x86_64-unknown-linux-gnu file names to toolchain format
configure:5396: result: func_convert_file_noop
configure:5403: checking for /usr/bin/ld option to reload object files
configure:5410: result: -r
configure:5484: checking for objdump
configure:5500: found /usr/bin/objdump
configure:5511: result: objdump
configure:5543: checking how to recognize dependent libraries
configure:5745: result: pass_all
configure:5830: checking for dlltool
configure:5860: result: no
configure:5890: checking how to associate runtime and link libraries
configure:5917: result: printf %s\n
configure:5977: checking for ar
configure:5993: found /usr/bin/ar
configure:6004: result: ar
configure:6041: checking for archiver @FILE support
configure:6058: mpicc -c -g -O2  conftest.c >&5
configure:6058: $? = 0
configure:6061: ar cru libconftest.a @conftest.lst >&5
configure:6064: $? = 0
configure:6069: ar cru libconftest.a @conftest.lst >&5
ar: conftest.o: No such file or directory
configure:6072: $? = 1
configure:6084: result: @
configure:6142: checking for strip
configure:6158: found /usr/bin/strip
configure:6169: result: strip
configure:6241: checking for ranlib
configure:6257: found /usr/bin/ranlib
configure:6268: result: ranlib
configure:6370: checking command to parse /usr/bin/nm -B output from mpicc object
configure:6490: mpicc -c -g -O2  conftest.c >&5
configure:6493: $? = 0
configure:6497: /usr/bin/nm -B conftest.o \| sed -n -e 's/^.*[ ]\([ABCDGIRSTW][ABCDGIRSTW]*\)[ ][ ]*\([_A-Za-z][_A-Za-z0-9]*\)$/\1 \2 \2/p' | sed '/ __gnu_lto/d' \> conftest.nm
configure:6500: $? = 0
configure:6566: mpicc -o conftest -g -O2   conftest.c conftstm.o >&5
configure:6569: $? = 0
configure:6607: result: ok
configure:6644: checking for sysroot
configure:6674: result: no
configure:6751: mpicc -c -g -O2  conftest.c >&5
configure:6754: $? = 0
configure:6930: checking for mt
configure:6946: found /root/bin/mt
configure:6957: result: mt
configure:6980: checking if mt is a manifest tool
configure:6986: mt '-?'
usage: mt [-v] [--version] [-h] [ -f device ] command [ count ]
configure:6994: result: no
configure:7636: checking how to run the C preprocessor
configure:7667: mpicc -E  conftest.c
configure:7667: $? = 0
configure:7681: mpicc -E  conftest.c
conftest.c:12:28: fatal error: ac_nonexistent.h: No such file or directory
 #include <ac_nonexistent.h>
                            ^
compilation terminated.
configure:7681: $? = 1
configure: failed program was:
| /* confdefs.h */
| #define PACKAGE_NAME "Darshan Runtime"
| #define PACKAGE_TARNAME "darshan-runtime"
| #define PACKAGE_VERSION "3.4.2"
| #define PACKAGE_STRING "Darshan Runtime 3.4.2"
| #define PACKAGE_BUGREPORT "darshan-users@lists.mcs.anl.gov"
| #define PACKAGE_URL "https://www.mcs.anl.gov/research/projects/darshan"
| #define PACKAGE "darshan-runtime"
| #define VERSION "3.4.2"
| #define HAVE_MPI /**/
| /* end confdefs.h.  */
| #include <ac_nonexistent.h>
configure:7706: result: mpicc -E
configure:7726: mpicc -E  conftest.c
configure:7726: $? = 0
configure:7740: mpicc -E  conftest.c
conftest.c:12:28: fatal error: ac_nonexistent.h: No such file or directory
 #include <ac_nonexistent.h>
                            ^
compilation terminated.
configure:7740: $? = 1
configure: failed program was:
| /* confdefs.h */
| #define PACKAGE_NAME "Darshan Runtime"
| #define PACKAGE_TARNAME "darshan-runtime"
| #define PACKAGE_VERSION "3.4.2"
| #define PACKAGE_STRING "Darshan Runtime 3.4.2"
| #define PACKAGE_BUGREPORT "darshan-users@lists.mcs.anl.gov"
| #define PACKAGE_URL "https://www.mcs.anl.gov/research/projects/darshan"
| #define PACKAGE "darshan-runtime"
| #define VERSION "3.4.2"
| #define HAVE_MPI /**/
| /* end confdefs.h.  */
| #include <ac_nonexistent.h>
configure:7769: checking for ANSI C header files
configure:7789: mpicc -c -g -O2  conftest.c >&5
configure:7789: $? = 0
configure:7862: mpicc -o conftest -g -O2   conftest.c  >&5
configure:7862: $? = 0
configure:7862: ./conftest
configure:7862: $? = 0
configure:7873: result: yes
configure:7886: checking for sys/types.h
configure:7886: mpicc -c -g -O2  conftest.c >&5
configure:7886: $? = 0
configure:7886: result: yes
configure:7886: checking for sys/stat.h
configure:7886: mpicc -c -g -O2  conftest.c >&5
configure:7886: $? = 0
configure:7886: result: yes
configure:7886: checking for stdlib.h
configure:7886: mpicc -c -g -O2  conftest.c >&5
configure:7886: $? = 0
configure:7886: result: yes
configure:7886: checking for string.h
configure:7886: mpicc -c -g -O2  conftest.c >&5
configure:7886: $? = 0
configure:7886: result: yes
configure:7886: checking for memory.h
configure:7886: mpicc -c -g -O2  conftest.c >&5
configure:7886: $? = 0
configure:7886: result: yes
configure:7886: checking for strings.h
configure:7886: mpicc -c -g -O2  conftest.c >&5
configure:7886: $? = 0
configure:7886: result: yes
configure:7886: checking for inttypes.h
configure:7886: mpicc -c -g -O2  conftest.c >&5
configure:7886: $? = 0
configure:7886: result: yes
configure:7886: checking for stdint.h
configure:7886: mpicc -c -g -O2  conftest.c >&5
configure:7886: $? = 0
configure:7886: result: yes
configure:7886: checking for unistd.h
configure:7886: mpicc -c -g -O2  conftest.c >&5
configure:7886: $? = 0
configure:7886: result: yes
configure:7900: checking for dlfcn.h
configure:7900: mpicc -c -g -O2  conftest.c >&5
configure:7900: $? = 0
configure:7900: result: yes
configure:8105: checking for objdir
configure:8120: result: .libs
configure:8391: checking if mpicc supports -fno-rtti -fno-exceptions
configure:8409: mpicc -c -g -O2  -fno-rtti -fno-exceptions conftest.c >&5
cc1: warning: command line option '-fno-rtti' is valid for C++/ObjC++ but not for C [enabled by default]
configure:8413: $? = 0
configure:8426: result: no
configure:8753: checking for mpicc option to produce PIC
configure:8760: result: -fPIC -DPIC
configure:8768: checking if mpicc PIC flag -fPIC -DPIC works
configure:8786: mpicc -c -g -O2  -fPIC -DPIC -DPIC conftest.c >&5
configure:8790: $? = 0
configure:8803: result: yes
configure:8832: checking if mpicc static flag -static works
configure:8860: result: no
configure:8875: checking if mpicc supports -c -o file.o
configure:8896: mpicc -c -g -O2  -o out/conftest2.o conftest.c >&5
configure:8900: $? = 0
configure:8922: result: yes
configure:8930: checking if mpicc supports -c -o file.o
configure:8977: result: yes
configure:9010: checking whether the mpicc linker (/usr/bin/ld -m elf_x86_64) supports shared libraries
configure:10163: result: yes
configure:10200: checking whether -lc should be explicitly linked in
configure:10208: mpicc -c -g -O2  conftest.c >&5
configure:10211: $? = 0
configure:10226: mpicc -shared  -fPIC -DPIC conftest.o  -v -Wl,-soname -Wl,conftest -o conftest 2\>\&1 \| /usr/bin/grep  -lc  \>/dev/null 2\>\&1
configure:10229: $? = 0
configure:10243: result: no
configure:10403: checking dynamic linker characteristics
configure:10914: mpicc -o conftest -g -O2   -Wl,-rpath -Wl,/foo conftest.c  >&5
configure:10914: $? = 0
configure:11140: result: GNU/Linux ld.so
configure:11247: checking how to hardcode library paths into programs
configure:11272: result: immediate
configure:11812: checking whether stripping libraries is possible
configure:11817: result: yes
configure:11852: checking if libtool supports shared libraries
configure:11854: result: yes
configure:11857: checking whether to build shared libraries
configure:11878: result: yes
configure:11881: checking whether to build static libraries
configure:11885: result: no
configure:11961: mpicc -c -g -O2  conftest.c >&5
configure:11961: $? = 0
configure:11993: checking zlib.h usability
configure:11993: mpicc -c -g -O2  conftest.c >&5
configure:11993: $? = 0
configure:11993: result: yes
configure:11993: checking zlib.h presence
configure:11993: mpicc -E  conftest.c
configure:11993: $? = 0
configure:11993: result: yes
configure:11993: checking for zlib.h
configure:11993: result: yes
configure:12001: checking for inflateEnd in -lz
configure:12026: mpicc -o conftest -g -O2   conftest.c -lz   >&5
configure:12026: $? = 0
configure:12035: result: yes
configure:12051: checking for library containing round
configure:12082: mpicc -o conftest -g -O2   conftest.c -lz  >&5
conftest.c:32:6: warning: conflicting types for built-in function 'round' [enabled by default]
 char round ();
      ^
/usr/bin/ld: /tmp/ccQpEzU8.o: undefined reference to symbol 'round@@GLIBC_2.2.5'
//usr/lib64/libm.so.6: error adding symbols: DSO missing from command line
collect2: error: ld returned 1 exit status
configure:12082: $? = 1
configure: failed program was:
| /* confdefs.h */
| #define PACKAGE_NAME "Darshan Runtime"
| #define PACKAGE_TARNAME "darshan-runtime"
| #define PACKAGE_VERSION "3.4.2"
| #define PACKAGE_STRING "Darshan Runtime 3.4.2"
| #define PACKAGE_BUGREPORT "darshan-users@lists.mcs.anl.gov"
| #define PACKAGE_URL "https://www.mcs.anl.gov/research/projects/darshan"
| #define PACKAGE "darshan-runtime"
| #define VERSION "3.4.2"
| #define HAVE_MPI /**/
| #define STDC_HEADERS 1
| #define HAVE_SYS_TYPES_H 1
| #define HAVE_SYS_STAT_H 1
| #define HAVE_STDLIB_H 1
| #define HAVE_STRING_H 1
| #define HAVE_MEMORY_H 1
| #define HAVE_STRINGS_H 1
| #define HAVE_INTTYPES_H 1
| #define HAVE_STDINT_H 1
| #define HAVE_UNISTD_H 1
| #define HAVE_DLFCN_H 1
| #define LT_OBJDIR ".libs/"
| #define HAVE_LIBZ 1
| /* end confdefs.h.  */
| 
| /* Override any GCC internal prototype to avoid an error.
|    Use char because int might match the return type of a GCC
|    builtin and then its argument prototype would still apply.  */
| #ifdef __cplusplus
| extern "C"
| #endif
| char round ();
| int
| main ()
| {
| return round ();
|   ;
|   return 0;
| }
configure:12082: mpicc -o conftest -g -O2   conftest.c -lm  -lz  >&5
conftest.c:32:6: warning: conflicting types for built-in function 'round' [enabled by default]
 char round ();
      ^
configure:12082: $? = 0
configure:12099: result: -lm
configure:12903: checking for BG/Q environment
configure:12919: mpicc -c -g -O2  conftest.c >&5
conftest.c:30:11: error: #error __bgq__ not set
          #error __bgq__ not set
           ^
configure:12919: $? = 1
configure: failed program was:
| /* confdefs.h */
| #define PACKAGE_NAME "Darshan Runtime"
| #define PACKAGE_TARNAME "darshan-runtime"
| #define PACKAGE_VERSION "3.4.2"
| #define PACKAGE_STRING "Darshan Runtime 3.4.2"
| #define PACKAGE_BUGREPORT "darshan-users@lists.mcs.anl.gov"
| #define PACKAGE_URL "https://www.mcs.anl.gov/research/projects/darshan"
| #define PACKAGE "darshan-runtime"
| #define VERSION "3.4.2"
| #define HAVE_MPI /**/
| #define STDC_HEADERS 1
| #define HAVE_SYS_TYPES_H 1
| #define HAVE_SYS_STAT_H 1
| #define HAVE_STDLIB_H 1
| #define HAVE_STRING_H 1
| #define HAVE_MEMORY_H 1
| #define HAVE_STRINGS_H 1
| #define HAVE_INTTYPES_H 1
| #define HAVE_STDINT_H 1
| #define HAVE_UNISTD_H 1
| #define HAVE_DLFCN_H 1
| #define LT_OBJDIR ".libs/"
| #define HAVE_LIBZ 1
| #define __DARSHAN_MEM_ALIGNMENT 8
| #define __DARSHAN_LOG_PATH "/darshan-logs"
| #define __DARSHAN_JOBID "PBS_JOBID"
| /* end confdefs.h.  */
| 
|          #ifndef __bgq__
|          #error __bgq__ not set
|          #endif
| int
| main ()
| {
| 
|   ;
|   return 0;
| }
configure:12924: result: no
configure:12946: checking lustre/lustreapi.h usability
configure:12946: mpicc -c -g -O2  conftest.c >&5
configure:12946: $? = 0
configure:12946: result: yes
configure:12946: checking lustre/lustreapi.h presence
configure:12946: mpicc -E  conftest.c
configure:12946: $? = 0
configure:12946: result: yes
configure:12946: checking for lustre/lustreapi.h
configure:12946: result: yes
configure:12948: checking for llapi_layout_get_by_xattr in -llustreapi
configure:12973: mpicc -o conftest -g -O2   conftest.c -llustreapi  -lm -lz  >&5
configure:12973: $? = 0
configure:12982: result: yes
configure:13052: checking for inttypes.h
configure:13052: result: yes
configure:13063: checking whether the inttypes.h PRIxNN macros are broken
configure:13083: mpicc -c -g -O2  conftest.c >&5
configure:13083: $? = 0
configure:13091: result: no
configure:13111: checking for inttypes.h
configure:13111: result: yes
configure:13125: checking whether byte ordering is bigendian
configure:13140: mpicc -c -g -O2  conftest.c >&5
conftest.c:32:9: error: unknown type name 'not'
         not a universal capable compiler
         ^
conftest.c:32:15: error: expected '=', ',', ';', 'asm' or '__attribute__' before 'universal'
         not a universal capable compiler
               ^
conftest.c:32:15: error: unknown type name 'universal'
configure:13140: $? = 1
configure: failed program was:
| /* confdefs.h */
| #define PACKAGE_NAME "Darshan Runtime"
| #define PACKAGE_TARNAME "darshan-runtime"
| #define PACKAGE_VERSION "3.4.2"
| #define PACKAGE_STRING "Darshan Runtime 3.4.2"
| #define PACKAGE_BUGREPORT "darshan-users@lists.mcs.anl.gov"
| #define PACKAGE_URL "https://www.mcs.anl.gov/research/projects/darshan"
| #define PACKAGE "darshan-runtime"
| #define VERSION "3.4.2"
| #define HAVE_MPI /**/
| #define STDC_HEADERS 1
| #define HAVE_SYS_TYPES_H 1
| #define HAVE_SYS_STAT_H 1
| #define HAVE_STDLIB_H 1
| #define HAVE_STRING_H 1
| #define HAVE_MEMORY_H 1
| #define HAVE_STRINGS_H 1
| #define HAVE_INTTYPES_H 1
| #define HAVE_STDINT_H 1
| #define HAVE_UNISTD_H 1
| #define HAVE_DLFCN_H 1
| #define LT_OBJDIR ".libs/"
| #define HAVE_LIBZ 1
| #define __DARSHAN_MEM_ALIGNMENT 8
| #define __DARSHAN_LOG_PATH "/darshan-logs"
| #define __DARSHAN_JOBID "PBS_JOBID"
| #define __DARSHAN_LOG_HINTS "romio_no_indep_rw=true;cb_nodes=4"
| #define HAVE_INTTYPES_H 1
| #define HAVE_INTTYPES_H 1
| /* end confdefs.h.  */
| #ifndef __APPLE_CC__
| 	       not a universal capable compiler
| 	     #endif
| 	     typedef int dummy;
| 
configure:13185: mpicc -c -g -O2  conftest.c >&5
configure:13185: $? = 0
configure:13203: mpicc -c -g -O2  conftest.c >&5
conftest.c: In function 'main':
conftest.c:38:4: error: unknown type name 'not'
    not big endian
    ^
conftest.c:38:12: error: expected '=', ',', ';', 'asm' or '__attribute__' before 'endian'
    not big endian
            ^
configure:13203: $? = 1
configure: failed program was:
| /* confdefs.h */
| #define PACKAGE_NAME "Darshan Runtime"
| #define PACKAGE_TARNAME "darshan-runtime"
| #define PACKAGE_VERSION "3.4.2"
| #define PACKAGE_STRING "Darshan Runtime 3.4.2"
| #define PACKAGE_BUGREPORT "darshan-users@lists.mcs.anl.gov"
| #define PACKAGE_URL "https://www.mcs.anl.gov/research/projects/darshan"
| #define PACKAGE "darshan-runtime"
| #define VERSION "3.4.2"
| #define HAVE_MPI /**/
| #define STDC_HEADERS 1
| #define HAVE_SYS_TYPES_H 1
| #define HAVE_SYS_STAT_H 1
| #define HAVE_STDLIB_H 1
| #define HAVE_STRING_H 1
| #define HAVE_MEMORY_H 1
| #define HAVE_STRINGS_H 1
| #define HAVE_INTTYPES_H 1
| #define HAVE_STDINT_H 1
| #define HAVE_UNISTD_H 1
| #define HAVE_DLFCN_H 1
| #define LT_OBJDIR ".libs/"
| #define HAVE_LIBZ 1
| #define __DARSHAN_MEM_ALIGNMENT 8
| #define __DARSHAN_LOG_PATH "/darshan-logs"
| #define __DARSHAN_JOBID "PBS_JOBID"
| #define __DARSHAN_LOG_HINTS "romio_no_indep_rw=true;cb_nodes=4"
| #define HAVE_INTTYPES_H 1
| #define HAVE_INTTYPES_H 1
| /* end confdefs.h.  */
| #include <sys/types.h>
| 		#include <sys/param.h>
| 
| int
| main ()
| {
| #if BYTE_ORDER != BIG_ENDIAN
| 		 not big endian
| 		#endif
| 
|   ;
|   return 0;
| }
configure:13331: result: no
configure:13352: checking for struct aiocb64
configure:13352: mpicc -c -g -O2 -D_FILE_OFFSET_BITS=64 -D_LARGEFILE64_SOURCE  conftest.c >&5
configure:13352: $? = 0
configure:13352: mpicc -c -g -O2 -D_FILE_OFFSET_BITS=64 -D_LARGEFILE64_SOURCE  conftest.c >&5
conftest.c: In function 'main':
conftest.c:36:29: error: expected expression before ')' token
 if (sizeof ((struct aiocb64)))
                             ^
configure:13352: $? = 1
configure: failed program was:
| /* confdefs.h */
| #define PACKAGE_NAME "Darshan Runtime"
| #define PACKAGE_TARNAME "darshan-runtime"
| #define PACKAGE_VERSION "3.4.2"
| #define PACKAGE_STRING "Darshan Runtime 3.4.2"
| #define PACKAGE_BUGREPORT "darshan-users@lists.mcs.anl.gov"
| #define PACKAGE_URL "https://www.mcs.anl.gov/research/projects/darshan"
| #define PACKAGE "darshan-runtime"
| #define VERSION "3.4.2"
| #define HAVE_MPI /**/
| #define STDC_HEADERS 1
| #define HAVE_SYS_TYPES_H 1
| #define HAVE_SYS_STAT_H 1
| #define HAVE_STDLIB_H 1
| #define HAVE_STRING_H 1
| #define HAVE_MEMORY_H 1
| #define HAVE_STRINGS_H 1
| #define HAVE_INTTYPES_H 1
| #define HAVE_STDINT_H 1
| #define HAVE_UNISTD_H 1
| #define HAVE_DLFCN_H 1
| #define LT_OBJDIR ".libs/"
| #define HAVE_LIBZ 1
| #define __DARSHAN_MEM_ALIGNMENT 8
| #define __DARSHAN_LOG_PATH "/darshan-logs"
| #define __DARSHAN_JOBID "PBS_JOBID"
| #define __DARSHAN_LOG_HINTS "romio_no_indep_rw=true;cb_nodes=4"
| #define HAVE_INTTYPES_H 1
| #define HAVE_INTTYPES_H 1
| /* end confdefs.h.  */
| #include <aio.h>
| 
| int
| main ()
| {
| if (sizeof ((struct aiocb64)))
| 	    return 0;
|   ;
|   return 0;
| }
configure:13352: result: yes
configure:13363: checking for off64_t
configure:13363: mpicc -c -g -O2 -D_FILE_OFFSET_BITS=64 -D_LARGEFILE64_SOURCE  conftest.c >&5
configure:13363: $? = 0
configure:13363: mpicc -c -g -O2 -D_FILE_OFFSET_BITS=64 -D_LARGEFILE64_SOURCE  conftest.c >&5
conftest.c: In function 'main':
conftest.c:68:22: error: expected expression before ')' token
 if (sizeof ((off64_t)))
                      ^
configure:13363: $? = 1
configure: failed program was:
| /* confdefs.h */
| #define PACKAGE_NAME "Darshan Runtime"
| #define PACKAGE_TARNAME "darshan-runtime"
| #define PACKAGE_VERSION "3.4.2"
| #define PACKAGE_STRING "Darshan Runtime 3.4.2"
| #define PACKAGE_BUGREPORT "darshan-users@lists.mcs.anl.gov"
| #define PACKAGE_URL "https://www.mcs.anl.gov/research/projects/darshan"
| #define PACKAGE "darshan-runtime"
| #define VERSION "3.4.2"
| #define HAVE_MPI /**/
| #define STDC_HEADERS 1
| #define HAVE_SYS_TYPES_H 1
| #define HAVE_SYS_STAT_H 1
| #define HAVE_STDLIB_H 1
| #define HAVE_STRING_H 1
| #define HAVE_MEMORY_H 1
| #define HAVE_STRINGS_H 1
| #define HAVE_INTTYPES_H 1
| #define HAVE_STDINT_H 1
| #define HAVE_UNISTD_H 1
| #define HAVE_DLFCN_H 1
| #define LT_OBJDIR ".libs/"
| #define HAVE_LIBZ 1
| #define __DARSHAN_MEM_ALIGNMENT 8
| #define __DARSHAN_LOG_PATH "/darshan-logs"
| #define __DARSHAN_JOBID "PBS_JOBID"
| #define __DARSHAN_LOG_HINTS "romio_no_indep_rw=true;cb_nodes=4"
| #define HAVE_INTTYPES_H 1
| #define HAVE_INTTYPES_H 1
| #define HAVE_STRUCT_AIOCB64 1
| /* end confdefs.h.  */
| #include <stdio.h>
| #ifdef HAVE_SYS_TYPES_H
| # include <sys/types.h>
| #endif
| #ifdef HAVE_SYS_STAT_H
| # include <sys/stat.h>
| #endif
| #ifdef STDC_HEADERS
| # include <stdlib.h>
| # include <stddef.h>
| #else
| # ifdef HAVE_STDLIB_H
| #  include <stdlib.h>
| # endif
| #endif
| #ifdef HAVE_STRING_H
| # if !defined STDC_HEADERS && defined HAVE_MEMORY_H
| #  include <memory.h>
| # endif
| # include <string.h>
| #endif
| #ifdef HAVE_STRINGS_H
| # include <strings.h>
| #endif
| #ifdef HAVE_INTTYPES_H
| # include <inttypes.h>
| #endif
| #ifdef HAVE_STDINT_H
| # include <stdint.h>
| #endif
| #ifdef HAVE_UNISTD_H
| # include <unistd.h>
| #endif
| int
| main ()
| {
| if (sizeof ((off64_t)))
| 	    return 0;
|   ;
|   return 0;
| }
configure:13363: result: yes
configure:13378: checking mntent.h usability
configure:13378: mpicc -c -g -O2  conftest.c >&5
configure:13378: $? = 0
configure:13378: result: yes
configure:13378: checking mntent.h presence
configure:13378: mpicc -E  conftest.c
configure:13378: $? = 0
configure:13378: result: yes
configure:13378: checking for mntent.h
configure:13378: result: yes
configure:13378: checking sys/mount.h usability
configure:13378: mpicc -c -g -O2  conftest.c >&5
configure:13378: $? = 0
configure:13378: result: yes
configure:13378: checking sys/mount.h presence
configure:13378: mpicc -E  conftest.c
configure:13378: $? = 0
configure:13378: result: yes
configure:13378: checking for sys/mount.h
configure:13378: result: yes
configure:13378: checking stdatomic.h usability
configure:13378: mpicc -c -g -O2  conftest.c >&5
conftest.c:68:23: fatal error: stdatomic.h: No such file or directory
 #include <stdatomic.h>
                       ^
compilation terminated.
configure:13378: $? = 1
configure: failed program was:
| /* confdefs.h */
| #define PACKAGE_NAME "Darshan Runtime"
| #define PACKAGE_TARNAME "darshan-runtime"
| #define PACKAGE_VERSION "3.4.2"
| #define PACKAGE_STRING "Darshan Runtime 3.4.2"
| #define PACKAGE_BUGREPORT "darshan-users@lists.mcs.anl.gov"
| #define PACKAGE_URL "https://www.mcs.anl.gov/research/projects/darshan"
| #define PACKAGE "darshan-runtime"
| #define VERSION "3.4.2"
| #define HAVE_MPI /**/
| #define STDC_HEADERS 1
| #define HAVE_SYS_TYPES_H 1
| #define HAVE_SYS_STAT_H 1
| #define HAVE_STDLIB_H 1
| #define HAVE_STRING_H 1
| #define HAVE_MEMORY_H 1
| #define HAVE_STRINGS_H 1
| #define HAVE_INTTYPES_H 1
| #define HAVE_STDINT_H 1
| #define HAVE_UNISTD_H 1
| #define HAVE_DLFCN_H 1
| #define LT_OBJDIR ".libs/"
| #define HAVE_LIBZ 1
| #define __DARSHAN_MEM_ALIGNMENT 8
| #define __DARSHAN_LOG_PATH "/darshan-logs"
| #define __DARSHAN_JOBID "PBS_JOBID"
| #define __DARSHAN_LOG_HINTS "romio_no_indep_rw=true;cb_nodes=4"
| #define HAVE_INTTYPES_H 1
| #define HAVE_INTTYPES_H 1
| #define HAVE_STRUCT_AIOCB64 1
| #define HAVE_OFF64_T 1
| #define HAVE_MNTENT_H 1
| #define HAVE_SYS_MOUNT_H 1
| /* end confdefs.h.  */
| #include <stdio.h>
| #ifdef HAVE_SYS_TYPES_H
| # include <sys/types.h>
| #endif
| #ifdef HAVE_SYS_STAT_H
| # include <sys/stat.h>
| #endif
| #ifdef STDC_HEADERS
| # include <stdlib.h>
| # include <stddef.h>
| #else
| # ifdef HAVE_STDLIB_H
| #  include <stdlib.h>
| # endif
| #endif
| #ifdef HAVE_STRING_H
| # if !defined STDC_HEADERS && defined HAVE_MEMORY_H
| #  include <memory.h>
| # endif
| # include <string.h>
| #endif
| #ifdef HAVE_STRINGS_H
| # include <strings.h>
| #endif
| #ifdef HAVE_INTTYPES_H
| # include <inttypes.h>
| #endif
| #ifdef HAVE_STDINT_H
| # include <stdint.h>
| #endif
| #ifdef HAVE_UNISTD_H
| # include <unistd.h>
| #endif
| #include <stdatomic.h>
configure:13378: result: no
configure:13378: checking stdatomic.h presence
configure:13378: mpicc -E  conftest.c
conftest.c:35:23: fatal error: stdatomic.h: No such file or directory
 #include <stdatomic.h>
                       ^
compilation terminated.
configure:13378: $? = 1
configure: failed program was:
| /* confdefs.h */
| #define PACKAGE_NAME "Darshan Runtime"
| #define PACKAGE_TARNAME "darshan-runtime"
| #define PACKAGE_VERSION "3.4.2"
| #define PACKAGE_STRING "Darshan Runtime 3.4.2"
| #define PACKAGE_BUGREPORT "darshan-users@lists.mcs.anl.gov"
| #define PACKAGE_URL "https://www.mcs.anl.gov/research/projects/darshan"
| #define PACKAGE "darshan-runtime"
| #define VERSION "3.4.2"
| #define HAVE_MPI /**/
| #define STDC_HEADERS 1
| #define HAVE_SYS_TYPES_H 1
| #define HAVE_SYS_STAT_H 1
| #define HAVE_STDLIB_H 1
| #define HAVE_STRING_H 1
| #define HAVE_MEMORY_H 1
| #define HAVE_STRINGS_H 1
| #define HAVE_INTTYPES_H 1
| #define HAVE_STDINT_H 1
| #define HAVE_UNISTD_H 1
| #define HAVE_DLFCN_H 1
| #define LT_OBJDIR ".libs/"
| #define HAVE_LIBZ 1
| #define __DARSHAN_MEM_ALIGNMENT 8
| #define __DARSHAN_LOG_PATH "/darshan-logs"
| #define __DARSHAN_JOBID "PBS_JOBID"
| #define __DARSHAN_LOG_HINTS "romio_no_indep_rw=true;cb_nodes=4"
| #define HAVE_INTTYPES_H 1
| #define HAVE_INTTYPES_H 1
| #define HAVE_STRUCT_AIOCB64 1
| #define HAVE_OFF64_T 1
| #define HAVE_MNTENT_H 1
| #define HAVE_SYS_MOUNT_H 1
| /* end confdefs.h.  */
| #include <stdatomic.h>
configure:13378: result: no
configure:13378: checking for stdatomic.h
configure:13378: result: no
configure:13394: checking x86intrin.h usability
configure:13394: mpicc -c -g -O2  conftest.c >&5
configure:13394: $? = 0
configure:13394: result: yes
configure:13394: checking x86intrin.h presence
configure:13394: mpicc -E  conftest.c
configure:13394: $? = 0
configure:13394: result: yes
configure:13394: checking for x86intrin.h
configure:13394: result: yes
configure:13415: checking if __rdtscp() intrinsic is supported
configure:13421: mpicc -c -g -O2  conftest.c >&5
configure:13421: $? = 0
configure:13422: result: yes
configure:13487: mpicc -c -g -O2  conftest.c >&5
conftest.c: In function 'main':
conftest.c:44:11: error: #error OPENMPI FOUND
          #error OPENMPI FOUND
           ^
configure:13487: $? = 1
configure: failed program was:
| /* confdefs.h */
| #define PACKAGE_NAME "Darshan Runtime"
| #define PACKAGE_TARNAME "darshan-runtime"
| #define PACKAGE_VERSION "3.4.2"
| #define PACKAGE_STRING "Darshan Runtime 3.4.2"
| #define PACKAGE_BUGREPORT "darshan-users@lists.mcs.anl.gov"
| #define PACKAGE_URL "https://www.mcs.anl.gov/research/projects/darshan"
| #define PACKAGE "darshan-runtime"
| #define VERSION "3.4.2"
| #define HAVE_MPI /**/
| #define STDC_HEADERS 1
| #define HAVE_SYS_TYPES_H 1
| #define HAVE_SYS_STAT_H 1
| #define HAVE_STDLIB_H 1
| #define HAVE_STRING_H 1
| #define HAVE_MEMORY_H 1
| #define HAVE_STRINGS_H 1
| #define HAVE_INTTYPES_H 1
| #define HAVE_STDINT_H 1
| #define HAVE_UNISTD_H 1
| #define HAVE_DLFCN_H 1
| #define LT_OBJDIR ".libs/"
| #define HAVE_LIBZ 1
| #define __DARSHAN_MEM_ALIGNMENT 8
| #define __DARSHAN_LOG_PATH "/darshan-logs"
| #define __DARSHAN_JOBID "PBS_JOBID"
| #define __DARSHAN_LOG_HINTS "romio_no_indep_rw=true;cb_nodes=4"
| #define HAVE_INTTYPES_H 1
| #define HAVE_INTTYPES_H 1
| #define HAVE_STRUCT_AIOCB64 1
| #define HAVE_OFF64_T 1
| #define HAVE_MNTENT_H 1
| #define HAVE_SYS_MOUNT_H 1
| #define HAVE_X86INTRIN_H 1
| #define HAVE_RDTSCP_INTRINSIC 1
| /* end confdefs.h.  */
| 
| int
| main ()
| {
| 
|          #include <mpi.h>
|          #ifdef OPEN_MPI
|          #error OPENMPI FOUND
|          #endif
| 
|   ;
|   return 0;
| }
configure:13497: checking for MPI-IO support in MPI
configure:13499: checking for MPI_File_open
configure:13499: mpicc -o conftest -g -O2   conftest.c -lm -lz  >&5
configure:13499: $? = 0
configure:13499: result: yes
configure:13570: checking for MPI prototypes without const qualifier
configure:13588: mpicc -c -g -O2 -Werror  conftest.c >&5
conftest.c:40:15: error: conflicting types for 'MPI_File_open'
           int MPI_File_open(MPI_Comm comm, char *filename, int amode,
               ^
In file included from conftest.c:39:0:
/usr/include/openmpi-x86_64/mpi.h:1358:20: note: previous declaration of 'MPI_File_open' was here
 OMPI_DECLSPEC  int MPI_File_open(MPI_Comm comm, const char *filename, int amode,
                    ^
configure:13588: $? = 1
configure: failed program was:
| /* confdefs.h */
| #define PACKAGE_NAME "Darshan Runtime"
| #define PACKAGE_TARNAME "darshan-runtime"
| #define PACKAGE_VERSION "3.4.2"
| #define PACKAGE_STRING "Darshan Runtime 3.4.2"
| #define PACKAGE_BUGREPORT "darshan-users@lists.mcs.anl.gov"
| #define PACKAGE_URL "https://www.mcs.anl.gov/research/projects/darshan"
| #define PACKAGE "darshan-runtime"
| #define VERSION "3.4.2"
| #define HAVE_MPI /**/
| #define STDC_HEADERS 1
| #define HAVE_SYS_TYPES_H 1
| #define HAVE_SYS_STAT_H 1
| #define HAVE_STDLIB_H 1
| #define HAVE_STRING_H 1
| #define HAVE_MEMORY_H 1
| #define HAVE_STRINGS_H 1
| #define HAVE_INTTYPES_H 1
| #define HAVE_STDINT_H 1
| #define HAVE_UNISTD_H 1
| #define HAVE_DLFCN_H 1
| #define LT_OBJDIR ".libs/"
| #define HAVE_LIBZ 1
| #define __DARSHAN_MEM_ALIGNMENT 8
| #define __DARSHAN_LOG_PATH "/darshan-logs"
| #define __DARSHAN_JOBID "PBS_JOBID"
| #define __DARSHAN_LOG_HINTS "romio_no_indep_rw=true;cb_nodes=4"
| #define HAVE_INTTYPES_H 1
| #define HAVE_INTTYPES_H 1
| #define HAVE_STRUCT_AIOCB64 1
| #define HAVE_OFF64_T 1
| #define HAVE_MNTENT_H 1
| #define HAVE_SYS_MOUNT_H 1
| #define HAVE_X86INTRIN_H 1
| #define HAVE_RDTSCP_INTRINSIC 1
| #define HAVE_OPEN_MPI 1
| /* end confdefs.h.  */
| 
|           #include <mpi.h>
|           int MPI_File_open(MPI_Comm comm, char *filename, int amode,
|               MPI_Info info, MPI_File *fh)
|               {return 0;}
| 
| int
| main ()
| {
| 
|   ;
|   return 0;
| }
configure:13595: result: no
configure:13600: checking for MPI prototypes with const qualifier
configure:13618: mpicc -c -g -O2 -Werror  conftest.c >&5
configure:13618: $? = 0
configure:13619: result: yes
configure:13636: checking for shared libraries in MPI
configure:13638: checking for MPI_Comm_size
configure:13638: mpicc -o conftest -g -O2 -shared -fpic -DPIC   conftest.c -lm -lz  -ldl >&5
configure:13638: $? = 0
configure:13638: result: yes
configure:13716: checking for MPIO_Request
configure:13716: mpicc -c -g -O2  conftest.c >&5
configure:13716: $? = 0
configure:13716: mpicc -c -g -O2  conftest.c >&5
conftest.c: In function 'main':
conftest.c:45:27: error: expected expression before ')' token
 if (sizeof ((MPIO_Request)))
                           ^
configure:13716: $? = 1
configure: failed program was:
| /* confdefs.h */
| #define PACKAGE_NAME "Darshan Runtime"
| #define PACKAGE_TARNAME "darshan-runtime"
| #define PACKAGE_VERSION "3.4.2"
| #define PACKAGE_STRING "Darshan Runtime 3.4.2"
| #define PACKAGE_BUGREPORT "darshan-users@lists.mcs.anl.gov"
| #define PACKAGE_URL "https://www.mcs.anl.gov/research/projects/darshan"
| #define PACKAGE "darshan-runtime"
| #define VERSION "3.4.2"
| #define HAVE_MPI /**/
| #define STDC_HEADERS 1
| #define HAVE_SYS_TYPES_H 1
| #define HAVE_SYS_STAT_H 1
| #define HAVE_STDLIB_H 1
| #define HAVE_STRING_H 1
| #define HAVE_MEMORY_H 1
| #define HAVE_STRINGS_H 1
| #define HAVE_INTTYPES_H 1
| #define HAVE_STDINT_H 1
| #define HAVE_UNISTD_H 1
| #define HAVE_DLFCN_H 1
| #define LT_OBJDIR ".libs/"
| #define HAVE_LIBZ 1
| #define __DARSHAN_MEM_ALIGNMENT 8
| #define __DARSHAN_LOG_PATH "/darshan-logs"
| #define __DARSHAN_JOBID "PBS_JOBID"
| #define __DARSHAN_LOG_HINTS "romio_no_indep_rw=true;cb_nodes=4"
| #define HAVE_INTTYPES_H 1
| #define HAVE_INTTYPES_H 1
| #define HAVE_STRUCT_AIOCB64 1
| #define HAVE_OFF64_T 1
| #define HAVE_MNTENT_H 1
| #define HAVE_SYS_MOUNT_H 1
| #define HAVE_X86INTRIN_H 1
| #define HAVE_RDTSCP_INTRINSIC 1
| #define HAVE_OPEN_MPI 1
| #define HAVE_MPI_CONST 1
| /* end confdefs.h.  */
| #include <mpi.h>
| 
| 
| int
| main ()
| {
| if (sizeof ((MPIO_Request)))
| 	    return 0;
|   ;
|   return 0;
| }
configure:13716: result: yes
configure:13732: checking for old (pre-3.1.1) style MPICH library naming convention
configure:13744: result: no
configure:13758: checking for fscanf redirect
configure:13776: mpicc -c -g -O2  conftest.c >&5
configure:13776: $? = 0
configure:13777: result: no
configure:13795: checking for pwritev
configure:13795: mpicc -o conftest -g -O2   conftest.c -lm -lz  >&5
configure:13795: $? = 0
configure:13795: result: yes
configure:13795: checking for preadv
configure:13795: mpicc -o conftest -g -O2   conftest.c -lm -lz  >&5
configure:13795: $? = 0
configure:13795: result: yes
configure:13795: checking for pwritev2
configure:13795: mpicc -o conftest -g -O2   conftest.c -lm -lz  >&5
/tmp/ccYorfyh.o: In function `main':
/root/darshan_modified/darshan-runtime/conftest.c:76: undefined reference to `pwritev2'
collect2: error: ld returned 1 exit status
configure:13795: $? = 1
configure: failed program was:
| /* confdefs.h */
| #define PACKAGE_NAME "Darshan Runtime"
| #define PACKAGE_TARNAME "darshan-runtime"
| #define PACKAGE_VERSION "3.4.2"
| #define PACKAGE_STRING "Darshan Runtime 3.4.2"
| #define PACKAGE_BUGREPORT "darshan-users@lists.mcs.anl.gov"
| #define PACKAGE_URL "https://www.mcs.anl.gov/research/projects/darshan"
| #define PACKAGE "darshan-runtime"
| #define VERSION "3.4.2"
| #define HAVE_MPI /**/
| #define STDC_HEADERS 1
| #define HAVE_SYS_TYPES_H 1
| #define HAVE_SYS_STAT_H 1
| #define HAVE_STDLIB_H 1
| #define HAVE_STRING_H 1
| #define HAVE_MEMORY_H 1
| #define HAVE_STRINGS_H 1
| #define HAVE_INTTYPES_H 1
| #define HAVE_STDINT_H 1
| #define HAVE_UNISTD_H 1
| #define HAVE_DLFCN_H 1
| #define LT_OBJDIR ".libs/"
| #define HAVE_LIBZ 1
| #define __DARSHAN_MEM_ALIGNMENT 8
| #define __DARSHAN_LOG_PATH "/darshan-logs"
| #define __DARSHAN_JOBID "PBS_JOBID"
| #define __DARSHAN_LOG_HINTS "romio_no_indep_rw=true;cb_nodes=4"
| #define HAVE_INTTYPES_H 1
| #define HAVE_INTTYPES_H 1
| #define HAVE_STRUCT_AIOCB64 1
| #define HAVE_OFF64_T 1
| #define HAVE_MNTENT_H 1
| #define HAVE_SYS_MOUNT_H 1
| #define HAVE_X86INTRIN_H 1
| #define HAVE_RDTSCP_INTRINSIC 1
| #define HAVE_OPEN_MPI 1
| #define HAVE_MPI_CONST 1
| #define __D_MPI_REQUEST MPIO_Request
| #define HAVE_PWRITEV 1
| #define HAVE_PREADV 1
| /* end confdefs.h.  */
| /* Define pwritev2 to an innocuous variant, in case <limits.h> declares pwritev2.
|    For example, HP-UX 11i <limits.h> declares gettimeofday.  */
| #define pwritev2 innocuous_pwritev2
| 
| /* System header to define __stub macros and hopefully few prototypes,
|     which can conflict with char pwritev2 (); below.
|     Prefer <limits.h> to <assert.h> if __STDC__ is defined, since
|     <limits.h> exists even on freestanding compilers.  */
| 
| #ifdef __STDC__
| # include <limits.h>
| #else
| # include <assert.h>
| #endif
| 
| #undef pwritev2
| 
| /* Override any GCC internal prototype to avoid an error.
|    Use char because int might match the return type of a GCC
|    builtin and then its argument prototype would still apply.  */
| #ifdef __cplusplus
| extern "C"
| #endif
| char pwritev2 ();
| /* The GNU C library defines this for functions which it implements
|     to always fail with ENOSYS.  Some functions are actually named
|     something starting with __ and the normal name is an alias.  */
| #if defined __stub_pwritev2 || defined __stub___pwritev2
| choke me
| #endif
| 
| int
| main ()
| {
| return pwritev2 ();
|   ;
|   return 0;
| }
configure:13795: result: no
configure:13795: checking for preadv2
configure:13795: mpicc -o conftest -g -O2   conftest.c -lm -lz  >&5
/tmp/cce8pKOs.o: In function `main':
/root/darshan_modified/darshan-runtime/conftest.c:76: undefined reference to `preadv2'
collect2: error: ld returned 1 exit status
configure:13795: $? = 1
configure: failed program was:
| /* confdefs.h */
| #define PACKAGE_NAME "Darshan Runtime"
| #define PACKAGE_TARNAME "darshan-runtime"
| #define PACKAGE_VERSION "3.4.2"
| #define PACKAGE_STRING "Darshan Runtime 3.4.2"
| #define PACKAGE_BUGREPORT "darshan-users@lists.mcs.anl.gov"
| #define PACKAGE_URL "https://www.mcs.anl.gov/research/projects/darshan"
| #define PACKAGE "darshan-runtime"
| #define VERSION "3.4.2"
| #define HAVE_MPI /**/
| #define STDC_HEADERS 1
| #define HAVE_SYS_TYPES_H 1
| #define HAVE_SYS_STAT_H 1
| #define HAVE_STDLIB_H 1
| #define HAVE_STRING_H 1
| #define HAVE_MEMORY_H 1
| #define HAVE_STRINGS_H 1
| #define HAVE_INTTYPES_H 1
| #define HAVE_STDINT_H 1
| #define HAVE_UNISTD_H 1
| #define HAVE_DLFCN_H 1
| #define LT_OBJDIR ".libs/"
| #define HAVE_LIBZ 1
| #define __DARSHAN_MEM_ALIGNMENT 8
| #define __DARSHAN_LOG_PATH "/darshan-logs"
| #define __DARSHAN_JOBID "PBS_JOBID"
| #define __DARSHAN_LOG_HINTS "romio_no_indep_rw=true;cb_nodes=4"
| #define HAVE_INTTYPES_H 1
| #define HAVE_INTTYPES_H 1
| #define HAVE_STRUCT_AIOCB64 1
| #define HAVE_OFF64_T 1
| #define HAVE_MNTENT_H 1
| #define HAVE_SYS_MOUNT_H 1
| #define HAVE_X86INTRIN_H 1
| #define HAVE_RDTSCP_INTRINSIC 1
| #define HAVE_OPEN_MPI 1
| #define HAVE_MPI_CONST 1
| #define __D_MPI_REQUEST MPIO_Request
| #define HAVE_PWRITEV 1
| #define HAVE_PREADV 1
| /* end confdefs.h.  */
| /* Define preadv2 to an innocuous variant, in case <limits.h> declares preadv2.
|    For example, HP-UX 11i <limits.h> declares gettimeofday.  */
| #define preadv2 innocuous_preadv2
| 
| /* System header to define __stub macros and hopefully few prototypes,
|     which can conflict with char preadv2 (); below.
|     Prefer <limits.h> to <assert.h> if __STDC__ is defined, since
|     <limits.h> exists even on freestanding compilers.  */
| 
| #ifdef __STDC__
| # include <limits.h>
| #else
| # include <assert.h>
| #endif
| 
| #undef preadv2
| 
| /* Override any GCC internal prototype to avoid an error.
|    Use char because int might match the return type of a GCC
|    builtin and then its argument prototype would still apply.  */
| #ifdef __cplusplus
| extern "C"
| #endif
| char preadv2 ();
| /* The GNU C library defines this for functions which it implements
|     to always fail with ENOSYS.  Some functions are actually named
|     something starting with __ and the normal name is an alias.  */
| #if defined __stub_preadv2 || defined __stub___preadv2
| choke me
| #endif
| 
| int
| main ()
| {
| return preadv2 ();
|   ;
|   return 0;
| }
configure:13795: result: no
configure:14079: checking that generated files are newer than configure
configure:14085: result: done
configure:14177: creating ./config.status

## ---------------------- ##
## Running config.status. ##
## ---------------------- ##

This file was extended by Darshan Runtime config.status 3.4.2, which was
generated by GNU Autoconf 2.69.  Invocation command line was

  CONFIG_FILES    = 
  CONFIG_HEADERS  = 
  CONFIG_LINKS    = 
  CONFIG_COMMANDS = 
  $ ./config.status 

on master

config.status:1173: creating Makefile
config.status:1173: creating darshan-config
config.status:1173: creating darshan-mk-log-dirs.pl
config.status:1173: creating darshan-gen-cc.pl
config.status:1173: creating darshan-gen-cxx.pl
config.status:1173: creating darshan-gen-fortran.pl
config.status:1173: creating lib/Makefile
config.status:1173: creating pkgconfig/Makefile
config.status:1173: creating pkgconfig/darshan-runtime.pc
config.status:1173: creating share/Makefile
config.status:1173: creating share/craype-1.x/Makefile
config.status:1173: creating share/craype-1.x/darshan-module
config.status:1173: creating share/craype-2.x/Makefile
config.status:1173: creating share/craype-2.x/darshan-module
config.status:1173: creating share/mpi-profile/Makefile
config.status:1173: creating share/mpi-profile/darshan-cc.conf
config.status:1173: creating share/mpi-profile/darshan-cxx.conf
config.status:1173: creating share/mpi-profile/darshan-f.conf
config.status:1173: creating share/mpi-profile/darshan-cc-static.conf
config.status:1173: creating share/mpi-profile/darshan-cxx-static.conf
config.status:1173: creating share/mpi-profile/darshan-f-static.conf
config.status:1173: creating share/ld-opts/Makefile
config.status:1173: creating share/ld-opts/darshan-stdio-ld-opts
config.status:1173: creating share/ld-opts/darshan-hdf5-ld-opts
config.status:1173: creating darshan-runtime-config.h
config.status:1354: darshan-runtime-config.h is unchanged
config.status:1402: executing depfiles commands
config.status:1402: executing libtool commands

## ---------------- ##
## Cache variables. ##
## ---------------- ##

ac_cv_build=x86_64-unknown-linux-gnu
ac_cv_c_bigendian=no
ac_cv_c_compiler_gnu=yes
ac_cv_env_CC_set=set
ac_cv_env_CC_value=mpicc
ac_cv_env_CFLAGS_set=
ac_cv_env_CFLAGS_value=
ac_cv_env_CPPFLAGS_set=
ac_cv_env_CPPFLAGS_value=
ac_cv_env_CPP_set=
ac_cv_env_CPP_value=
ac_cv_env_LDFLAGS_set=
ac_cv_env_LDFLAGS_value=
ac_cv_env_LIBS_set=
ac_cv_env_LIBS_value=
ac_cv_env_build_alias_set=
ac_cv_env_build_alias_value=
ac_cv_env_host_alias_set=
ac_cv_env_host_alias_value=
ac_cv_env_target_alias_set=
ac_cv_env_target_alias_value=
ac_cv_func_MPI_Comm_size=yes
ac_cv_func_MPI_File_open=yes
ac_cv_func_preadv2=no
ac_cv_func_preadv=yes
ac_cv_func_pwritev2=no
ac_cv_func_pwritev=yes
ac_cv_header_dlfcn_h=yes
ac_cv_header_inttypes_h=yes
ac_cv_header_lustre_lustreapi_h=yes
ac_cv_header_memory_h=yes
ac_cv_header_mntent_h=yes
ac_cv_header_stdatomic_h=no
ac_cv_header_stdc=yes
ac_cv_header_stdint_h=yes
ac_cv_header_stdlib_h=yes
ac_cv_header_string_h=yes
ac_cv_header_strings_h=yes
ac_cv_header_sys_mount_h=yes
ac_cv_header_sys_stat_h=yes
ac_cv_header_sys_types_h=yes
ac_cv_header_unistd_h=yes
ac_cv_header_x86intrin_h=yes
ac_cv_header_zlib_h=yes
ac_cv_host=x86_64-unknown-linux-gnu
ac_cv_lib_lustreapi_llapi_layout_get_by_xattr=yes
ac_cv_lib_z_inflateEnd=yes
ac_cv_objext=o
ac_cv_path_EGREP='/usr/bin/grep -E'
ac_cv_path_FGREP='/usr/bin/grep -F'
ac_cv_path_GREP=/usr/bin/grep
ac_cv_path_SED=/usr/bin/sed
ac_cv_path_install='/usr/bin/install -c'
ac_cv_path_mkdir=/usr/bin/mkdir
ac_cv_prog_AWK=gawk
ac_cv_prog_CPP='mpicc -E'
ac_cv_prog_ac_ct_AR=ar
ac_cv_prog_ac_ct_CC=mpicc
ac_cv_prog_ac_ct_MANIFEST_TOOL=mt
ac_cv_prog_ac_ct_OBJDUMP=objdump
ac_cv_prog_ac_ct_RANLIB=ranlib
ac_cv_prog_ac_ct_STRIP=strip
ac_cv_prog_cc_c89=
ac_cv_prog_cc_g=yes
ac_cv_prog_make_make_set=yes
ac_cv_search_round=-lm
ac_cv_type_MPIO_Request=yes
ac_cv_type_off64_t=yes
ac_cv_type_struct_aiocb64=yes
am_cv_CC_dependencies_compiler_type=gcc3
am_cv_make_support_nested_variables=yes
am_cv_prog_tar_pax=gnutar
gt_cv_inttypes_pri_broken=no
lt_cv_ar_at_file=@
lt_cv_archive_cmds_need_lc=no
lt_cv_deplibs_check_method=pass_all
lt_cv_file_magic_cmd='$MAGIC_CMD'
lt_cv_file_magic_test_file=
lt_cv_ld_reload_flag=-r
lt_cv_nm_interface='BSD nm'
lt_cv_objdir=.libs
lt_cv_path_LD=/usr/bin/ld
lt_cv_path_NM='/usr/bin/nm -B'
lt_cv_path_mainfest_tool=no
lt_cv_prog_compiler_c_o=yes
lt_cv_prog_compiler_pic='-fPIC -DPIC'
lt_cv_prog_compiler_pic_works=yes
lt_cv_prog_compiler_rtti_exceptions=no
lt_cv_prog_compiler_static_works=no
lt_cv_prog_gnu_ld=yes
lt_cv_sharedlib_from_linklib_cmd='printf %s\n'
lt_cv_shlibpath_overrides_runpath=yes
lt_cv_sys_global_symbol_pipe='sed -n -e '\''s/^.*[	 ]\([ABCDGIRSTW][ABCDGIRSTW]*\)[	 ][	 ]*\([_A-Za-z][_A-Za-z0-9]*\)$/\1 \2 \2/p'\'' | sed '\''/ __gnu_lto/d'\'''
lt_cv_sys_global_symbol_to_c_name_address='sed -n -e '\''s/^: \([^ ]*\)[ ]*$/  {\"\1\", (void *) 0},/p'\'' -e '\''s/^[ABCDGIRSTW]* \([^ ]*\) \([^ ]*\)$/  {"\2", (void *) \&\2},/p'\'''
lt_cv_sys_global_symbol_to_c_name_address_lib_prefix='sed -n -e '\''s/^: \([^ ]*\)[ ]*$/  {\"\1\", (void *) 0},/p'\'' -e '\''s/^[ABCDGIRSTW]* \([^ ]*\) \(lib[^ ]*\)$/  {"\2", (void *) \&\2},/p'\'' -e '\''s/^[ABCDGIRSTW]* \([^ ]*\) \([^ ]*\)$/  {"lib\2", (void *) \&\2},/p'\'''
lt_cv_sys_global_symbol_to_cdecl='sed -n -e '\''s/^T .* \(.*\)$/extern int \1();/p'\'' -e '\''s/^[ABCDGIRSTW]* .* \(.*\)$/extern char \1;/p'\'''
lt_cv_sys_max_cmd_len=1572864
lt_cv_to_host_file_cmd=func_convert_file_noop
lt_cv_to_tool_file_cmd=func_convert_file_noop

## ----------------- ##
## Output variables. ##
## ----------------- ##

ACLOCAL='${SHELL} /root/darshan_modified/maint/scripts/missing aclocal-1.13'
AMDEPBACKSLASH='\'
AMDEP_FALSE='#'
AMDEP_TRUE=''
AMTAR='$${TAR-tar}'
AM_BACKSLASH='\'
AM_DEFAULT_V='$(AM_DEFAULT_VERBOSITY)'
AM_DEFAULT_VERBOSITY='0'
AM_V='$(V)'
AR='ar'
AUTOCONF='${SHELL} /root/darshan_modified/maint/scripts/missing autoconf'
AUTOHEADER='${SHELL} /root/darshan_modified/maint/scripts/missing autoheader'
AUTOMAKE='${SHELL} /root/darshan_modified/maint/scripts/missing automake-1.13'
AWK='gawk'
BUILD_APMPI_MODULE_FALSE=''
BUILD_APMPI_MODULE_TRUE='#'
BUILD_APXC_MODULE_FALSE=''
BUILD_APXC_MODULE_TRUE='#'
BUILD_BGQ_MODULE_FALSE=''
BUILD_BGQ_MODULE_TRUE='#'
BUILD_DXT_MODULE_FALSE='#'
BUILD_DXT_MODULE_TRUE=''
BUILD_HDF5_MODULE_FALSE=''
BUILD_HDF5_MODULE_TRUE='#'
BUILD_HEATMAP_MODULE_FALSE='#'
BUILD_HEATMAP_MODULE_TRUE=''
BUILD_LUSTRE_MODULE_FALSE='#'
BUILD_LUSTRE_MODULE_TRUE=''
BUILD_MDHIM_MODULE_FALSE=''
BUILD_MDHIM_MODULE_TRUE='#'
BUILD_MPIIO_MODULE_FALSE='#'
BUILD_MPIIO_MODULE_TRUE=''
BUILD_NULL_MODULE_FALSE='#'
BUILD_NULL_MODULE_TRUE=''
BUILD_PNETCDF_MODULE_FALSE=''
BUILD_PNETCDF_MODULE_TRUE='#'
BUILD_POSIX_MODULE_FALSE='#'
BUILD_POSIX_MODULE_TRUE=''
BUILD_STDIO_MODULE_FALSE='#'
BUILD_STDIO_MODULE_TRUE=''
CC='mpicc'
CCDEPMODE='depmode=gcc3'
CFLAGS='-g -O2'
CPP='mpicc -E'
CPPFLAGS=''
CYGPATH_W='echo'
DARSHAN_HDF5_ADD_LD_OPTS=''
DARSHAN_HDF5_LD_FLAGS=''
DARSHAN_LUSTRE_LD_FLAGS='-llustreapi'
DARSHAN_PNETCDF_LD_FLAGS=''
DARSHAN_STDIO_ADD_FSCANF_LD_OPTS='--wrap=__isoc99_fscanf'
DARSHAN_VERSION='3.4.2'
DEFS='-DHAVE_CONFIG_H'
DEPDIR='.deps'
DLLTOOL='false'
DSYMUTIL=''
DUMPBIN=''
ECHO_C=''
ECHO_N='-n'
ECHO_T=''
EGREP='/usr/bin/grep -E'
ENABLE_LDPRELOAD_FALSE='#'
ENABLE_LDPRELOAD_TRUE=''
ENABLE_MMAP_LOGS_FALSE=''
ENABLE_MMAP_LOGS_TRUE='#'
ENABLE_STATIC_FALSE='#'
ENABLE_STATIC_TRUE=''
EXEEXT=''
FGREP='/usr/bin/grep -F'
GREP='/usr/bin/grep'
H5DUMP_CHECK=''
INSTALL_DATA='${INSTALL} -m 644'
INSTALL_PROGRAM='${INSTALL}'
INSTALL_SCRIPT='${INSTALL}'
INSTALL_STRIP_PROGRAM='$(install_sh) -c -s'
LD='/usr/bin/ld -m elf_x86_64'
LDFLAGS=''
LIBOBJS=''
LIBS='-lm -lz '
LIBTOOL='$(SHELL) $(top_builddir)/libtool'
LIPO=''
LN_S='ln -s'
LTLIBOBJS=''
M4=''
MAINT=''
MAINTAINER_MODE_FALSE='#'
MAINTAINER_MODE_TRUE=''
MAKEINFO='${SHELL} /root/darshan_modified/maint/scripts/missing makeinfo'
MANIFEST_TOOL=':'
MKDIR_P='/usr/bin/mkdir -p'
MPICH_LIB_OLD='0'
NM='/usr/bin/nm -B'
NMEDIT=''
OBJDUMP='objdump'
OBJEXT='o'
OTOOL64=''
OTOOL=''
PACKAGE='darshan-runtime'
PACKAGE_BUGREPORT='darshan-users@lists.mcs.anl.gov'
PACKAGE_NAME='Darshan Runtime'
PACKAGE_STRING='Darshan Runtime 3.4.2'
PACKAGE_TARNAME='darshan-runtime'
PACKAGE_URL='https://www.mcs.anl.gov/research/projects/darshan'
PACKAGE_VERSION='3.4.2'
PATH_SEPARATOR=':'
PNC_VER_CHECK=''
PRI_MACROS_BROKEN='0'
RANLIB='ranlib'
SED='/usr/bin/sed'
SET_MAKE=''
SHELL='/bin/sh'
STRIP='strip'
VERSION='3.4.2'
__DARSHAN_LOG_ENV=''
__DARSHAN_LOG_PATH='/darshan-logs'
ac_ct_AR='ar'
ac_ct_CC='mpicc'
ac_ct_DUMPBIN=''
am__EXEEXT_FALSE=''
am__EXEEXT_TRUE='#'
am__fastdepCC_FALSE='#'
am__fastdepCC_TRUE=''
am__include='include'
am__isrc=''
am__leading_dot='.'
am__nodep='_no'
am__quote=''
am__tar='tar --format=posix -chf - "$$tardir"'
am__untar='tar -xf -'
bindir='${exec_prefix}/bin'
build='x86_64-unknown-linux-gnu'
build_alias=''
build_cpu='x86_64'
build_os='linux-gnu'
build_vendor='unknown'
datadir='${datarootdir}'
datarootdir='${prefix}/share'
docdir='${datarootdir}/doc/${PACKAGE_TARNAME}'
dvidir='${docdir}'
exec_prefix='${prefix}'
host='x86_64-unknown-linux-gnu'
host_alias=''
host_cpu='x86_64'
host_os='linux-gnu'
host_vendor='unknown'
htmldir='${docdir}'
includedir='${prefix}/include'
infodir='${datarootdir}/info'
install_sh='${SHELL} /root/darshan_modified/maint/scripts/install-sh'
libdir='${exec_prefix}/lib'
libexecdir='${exec_prefix}/libexec'
localedir='${datarootdir}/locale'
localstatedir='${prefix}/var'
mandir='${datarootdir}/man'
mkdir_p='$(MKDIR_P)'
oldincludedir='/usr/include'
pdfdir='${docdir}'
prefix='/usr/local'
program_transform_name='s,x,x,'
psdir='${docdir}'
sbindir='${exec_prefix}/sbin'
sharedstatedir='${prefix}/com'
sysconfdir='${prefix}/etc'
target_alias=''
with_papi=''

## ----------- ##
## confdefs.h. ##
## ----------- ##

/* confdefs.h */
#define PACKAGE_NAME "Darshan Runtime"
#define PACKAGE_TARNAME "darshan-runtime"
#define PACKAGE_VERSION "3.4.2"
#define PACKAGE_STRING "Darshan Runtime 3.4.2"
#define PACKAGE_BUGREPORT "darshan-users@lists.mcs.anl.gov"
#define PACKAGE_URL "https://www.mcs.anl.gov/research/projects/darshan"
#define PACKAGE "darshan-runtime"
#define VERSION "3.4.2"
#define HAVE_MPI /**/
#define STDC_HEADERS 1
#define HAVE_SYS_TYPES_H 1
#define HAVE_SYS_STAT_H 1
#define HAVE_STDLIB_H 1
#define HAVE_STRING_H 1
#define HAVE_MEMORY_H 1
#define HAVE_STRINGS_H 1
#define HAVE_INTTYPES_H 1
#define HAVE_STDINT_H 1
#define HAVE_UNISTD_H 1
#define HAVE_DLFCN_H 1
#define LT_OBJDIR ".libs/"
#define HAVE_LIBZ 1
#define __DARSHAN_MEM_ALIGNMENT 8
#define __DARSHAN_LOG_PATH "/darshan-logs"
#define __DARSHAN_JOBID "PBS_JOBID"
#define __DARSHAN_LOG_HINTS "romio_no_indep_rw=true;cb_nodes=4"
#define HAVE_INTTYPES_H 1
#define HAVE_INTTYPES_H 1
#define HAVE_STRUCT_AIOCB64 1
#define HAVE_OFF64_T 1
#define HAVE_MNTENT_H 1
#define HAVE_SYS_MOUNT_H 1
#define HAVE_X86INTRIN_H 1
#define HAVE_RDTSCP_INTRINSIC 1
#define HAVE_OPEN_MPI 1
#define HAVE_MPI_CONST 1
#define __D_MPI_REQUEST MPIO_Request
#define HAVE_PWRITEV 1
#define HAVE_PREADV 1

configure: exit 0

## ---------------------- ##
## Running config.status. ##
## ---------------------- ##

This file was extended by Darshan Runtime config.status 3.4.2, which was
generated by GNU Autoconf 2.69.  Invocation command line was

  CONFIG_FILES    = 
  CONFIG_HEADERS  = 
  CONFIG_LINKS    = 
  CONFIG_COMMANDS = 
  $ ./config.status Makefile

on master

config.status:1173: creating Makefile

## ---------------------- ##
## Running config.status. ##
## ---------------------- ##

This file was extended by Darshan Runtime config.status 3.4.2, which was
generated by GNU Autoconf 2.69.  Invocation command line was

  CONFIG_FILES    = 
  CONFIG_HEADERS  = 
  CONFIG_LINKS    = 
  CONFIG_COMMANDS = 
  $ ./config.status darshan-runtime-config.h

on master

config.status:1173: creating darshan-runtime-config.h
config.status:1354: darshan-runtime-config.h is unchanged

## ---------------------- ##
## Running config.status. ##
## ---------------------- ##

This file was extended by Darshan Runtime config.status 3.4.2, which was
generated by GNU Autoconf 2.69.  Invocation command line was

  CONFIG_FILES    = 
  CONFIG_HEADERS  = 
  CONFIG_LINKS    = 
  CONFIG_COMMANDS = 
  $ ./config.status lib/Makefile depfiles

on master

config.status:1173: creating lib/Makefile
config.status:1402: executing depfiles commands

## ---------------------- ##
## Running config.status. ##
## ---------------------- ##

This file was extended by Darshan Runtime config.status 3.4.2, which was
generated by GNU Autoconf 2.69.  Invocation command line was

  CONFIG_FILES    = 
  CONFIG_HEADERS  = 
  CONFIG_LINKS    = 
  CONFIG_COMMANDS = 
  $ ./config.status pkgconfig/Makefile

on master

config.status:1173: creating pkgconfig/Makefile

## ---------------------- ##
## Running config.status. ##
## ---------------------- ##

This file was extended by Darshan Runtime config.status 3.4.2, which was
generated by GNU Autoconf 2.69.  Invocation command line was

  CONFIG_FILES    = 
  CONFIG_HEADERS  = 
  CONFIG_LINKS    = 
  CONFIG_COMMANDS = 
  $ ./config.status share/Makefile

on master

config.status:1173: creating share/Makefile

## ---------------------- ##
## Running config.status. ##
## ---------------------- ##

This file was extended by Darshan Runtime config.status 3.4.2, which was
generated by GNU Autoconf 2.69.  Invocation command line was

  CONFIG_FILES    = 
  CONFIG_HEADERS  = 
  CONFIG_LINKS    = 
  CONFIG_COMMANDS = 
  $ ./config.status share/ld-opts/Makefile

on master

config.status:1173: creating share/ld-opts/Makefile

## ---------------------- ##
## Running config.status. ##
## ---------------------- ##

This file was extended by Darshan Runtime config.status 3.4.2, which was
generated by GNU Autoconf 2.69.  Invocation command line was

  CONFIG_FILES    = 
  CONFIG_HEADERS  = 
  CONFIG_LINKS    = 
  CONFIG_COMMANDS = 
  $ ./config.status share/craype-1.x/Makefile

on master

config.status:1173: creating share/craype-1.x/Makefile

## ---------------------- ##
## Running config.status. ##
## ---------------------- ##

This file was extended by Darshan Runtime config.status 3.4.2, which was
generated by GNU Autoconf 2.69.  Invocation command line was

  CONFIG_FILES    = 
  CONFIG_HEADERS  = 
  CONFIG_LINKS    = 
  CONFIG_COMMANDS = 
  $ ./config.status share/craype-2.x/Makefile

on master

config.status:1173: creating share/craype-2.x/Makefile

## ---------------------- ##
## Running config.status. ##
## ---------------------- ##

This file was extended by Darshan Runtime config.status 3.4.2, which was
generated by GNU Autoconf 2.69.  Invocation command line was

  CONFIG_FILES    = 
  CONFIG_HEADERS  = 
  CONFIG_LINKS    = 
  CONFIG_COMMANDS = 
  $ ./config.status share/mpi-profile/Makefile

on master

config.status:1173: creating share/mpi-profile/Makefile
